{"logTime": "0324/063113", "correlationVector":"VEFKqj73fpE3fjWs74HGBG.2","action":"ProcessGetUpdates", "result":"Done", "context":{"dataType":"Autofill", "deleted":"0", "process_failed_to_decrypt":"0", "process_pending_decryption":"0", "process_success":"7", "total":"7"}}
{"logTime": "0324/063113", "correlationVector":"VEFKqj73fpE3fjWs74HGBG.3","action":"ProcessGetUpdates", "result":"Done", "context":{"dataType":"Extensions", "deleted":"0", "process_failed_to_decrypt":"0", "process_pending_decryption":"0", "process_success":"1", "total":"1"}}
{"logTime": "0324/063113", "correlationVector":"VEFKqj73fpE3fjWs74HGBG.4","action":"ProcessGetUpdates", "result":"Done", "context":{"dataType":"Sessions", "deleted":"221", "process_failed_to_decrypt":"0", "process_pending_decryption":"0", "process_success":"221", "total":"221"}}
{"logTime": "0324/063113", "correlationVector":"VEFKqj73fpE3fjWs74HGBG.5","action":"ProcessGetUpdates", "result":"Done", "context":{"dataType":"Edge Hub App Usage", "deleted":"0", "process_failed_to_decrypt":"0", "process_pending_decryption":"0", "process_success":"21", "total":"21"}}
{"logTime": "0324/063113", "correlationVector":"VEFKqj73fpE3fjWs74HGBG.6","action":"GetUpdates Response", "result":"Success", "context":Received 250 update(s). cV=VEFKqj73fpE3fjWs74HGBG.0;server=akswtt005000026;cloudType=Consumer;environment=Prod_southeastasia_prod-s01-064-apac-southeastasia;migrationStage=NotStarted Some updates remain.}
{"logTime": "0324/063113", "correlationVector":"tiN47V2cu4zVlboQhvkWjy","action":"Initial GetUpdates", "result":"", "context":Reason: NEWLY_SUPPORTED_DATATYPE. cV=tiN47V2cu4zVlboQhvkWjy}
{"logTime": "0324/063114", "correlationVector":"tiN47V2cu4zVlboQhvkWjy.1","action":"SyncServerConnectionManagerRequest", "result":"SYNC_SERVER_OK", "context":{"environment":"Prod_southeastasia_prod-s01-064-apac-southeastasia", "migrationStage":"NotStarted", "server":"akswtt00500001k"}}
{"logTime": "0324/063114", "correlationVector":"tiN47V2cu4zVlboQhvkWjy.2","action":"ProcessGetUpdates", "result":"Done", "context":{"dataType":"Autofill", "deleted":"0", "process_failed_to_decrypt":"0", "process_pending_decryption":"0", "process_success":"14", "total":"14"}}
{"logTime": "0324/063114", "correlationVector":"tiN47V2cu4zVlboQhvkWjy.3","action":"ProcessGetUpdates", "result":"Done", "context":{"dataType":"Sessions", "deleted":"229", "process_failed_to_decrypt":"0", "process_pending_decryption":"0", "process_success":"229", "total":"229"}}
{"logTime": "0324/063114", "correlationVector":"tiN47V2cu4zVlboQhvkWjy.4","action":"ProcessGetUpdates", "result":"Done", "context":{"dataType":"Edge Hub App Usage", "deleted":"3", "process_failed_to_decrypt":"0", "process_pending_decryption":"0", "process_success":"7", "total":"7"}}
{"logTime": "0324/063114", "correlationVector":"tiN47V2cu4zVlboQhvkWjy.5","action":"GetUpdates Response", "result":"Success", "context":Received 250 update(s). cV=tiN47V2cu4zVlboQhvkWjy.0;server=akswtt00500001k;cloudType=Consumer;environment=Prod_southeastasia_prod-s01-064-apac-southeastasia;migrationStage=NotStarted Some updates remain.}
{"logTime": "0324/063114", "correlationVector":"dvpUKg7XqYvPH8OwXj3S1W","action":"Initial GetUpdates", "result":"", "context":Reason: NEWLY_SUPPORTED_DATATYPE. cV=dvpUKg7XqYvPH8OwXj3S1W}
{"logTime": "0324/063114", "correlationVector":"dvpUKg7XqYvPH8OwXj3S1W.1","action":"SyncServerConnectionManagerRequest", "result":"SYNC_SERVER_OK", "context":{"environment":"Prod_southeastasia_prod-s01-064-apac-southeastasia", "migrationStage":"NotStarted", "server":"akswtt00500000h"}}
{"logTime": "0324/063114", "correlationVector":"dvpUKg7XqYvPH8OwXj3S1W.2","action":"ProcessGetUpdates", "result":"Done", "context":{"dataType":"Autofill", "deleted":"0", "process_failed_to_decrypt":"0", "process_pending_decryption":"0", "process_success":"7", "total":"7"}}
{"logTime": "0324/063114", "correlationVector":"dvpUKg7XqYvPH8OwXj3S1W.3","action":"ProcessGetUpdates", "result":"Done", "context":{"dataType":"Sessions", "deleted":"230", "process_failed_to_decrypt":"0", "process_pending_decryption":"0", "process_success":"230", "total":"230"}}
{"logTime": "0324/063114", "correlationVector":"dvpUKg7XqYvPH8OwXj3S1W.4","action":"ProcessGetUpdates", "result":"Done", "context":{"dataType":"Edge Hub App Usage", "deleted":"5", "process_failed_to_decrypt":"0", "process_pending_decryption":"0", "process_success":"13", "total":"13"}}
{"logTime": "0324/063114", "correlationVector":"dvpUKg7XqYvPH8OwXj3S1W.5","action":"GetUpdates Response", "result":"Success", "context":Received 250 update(s). cV=dvpUKg7XqYvPH8OwXj3S1W.0;server=akswtt00500000h;cloudType=Consumer;environment=Prod_southeastasia_prod-s01-064-apac-southeastasia;migrationStage=NotStarted Some updates remain.}
{"logTime": "0324/063114", "correlationVector":"Vqbmlf+QEpw9C5sfR8175l","action":"Initial GetUpdates", "result":"", "context":Reason: NEWLY_SUPPORTED_DATATYPE. cV=Vqbmlf+QEpw9C5sfR8175l}
{"logTime": "0324/063115", "correlationVector":"Vqbmlf+QEpw9C5sfR8175l.1","action":"SyncServerConnectionManagerRequest", "result":"SYNC_SERVER_OK", "context":{"environment":"Prod_southeastasia_prod-s01-064-apac-southeastasia", "migrationStage":"NotStarted", "server":"akswtt005000050"}}
{"logTime": "0324/063115", "correlationVector":"Vqbmlf+QEpw9C5sfR8175l.2","action":"ProcessGetUpdates", "result":"Done", "context":{"dataType":"Autofill", "deleted":"0", "process_failed_to_decrypt":"0", "process_pending_decryption":"0", "process_success":"8", "total":"8"}}
{"logTime": "0324/063115", "correlationVector":"Vqbmlf+QEpw9C5sfR8175l.3","action":"ProcessGetUpdates", "result":"Done", "context":{"dataType":"Sessions", "deleted":"227", "process_failed_to_decrypt":"0", "process_pending_decryption":"0", "process_success":"227", "total":"227"}}
{"logTime": "0324/063115", "correlationVector":"Vqbmlf+QEpw9C5sfR8175l.4","action":"ProcessGetUpdates", "result":"Done", "context":{"dataType":"Edge Hub App Usage", "deleted":"6", "process_failed_to_decrypt":"0", "process_pending_decryption":"0", "process_success":"15", "total":"15"}}
{"logTime": "0324/063115", "correlationVector":"Vqbmlf+QEpw9C5sfR8175l.5","action":"GetUpdates Response", "result":"Success", "context":Received 250 update(s). cV=Vqbmlf+QEpw9C5sfR8175l.0;server=akswtt005000050;cloudType=Consumer;environment=Prod_southeastasia_prod-s01-064-apac-southeastasia;migrationStage=NotStarted Some updates remain.}
{"logTime": "0324/063115", "correlationVector":"01MLLXRmhW8We8DJRpuySV","action":"Initial GetUpdates", "result":"", "context":Reason: NEWLY_SUPPORTED_DATATYPE. cV=01MLLXRmhW8We8DJRpuySV}
{"logTime": "0324/063117", "correlationVector":"01MLLXRmhW8We8DJRpuySV.1","action":"SyncServerConnectionManagerRequest", "result":"SYNC_SERVER_OK", "context":{"environment":"Prod_southeastasia_prod-s01-064-apac-southeastasia", "migrationStage":"NotStarted", "server":"akswtt00500000q"}}
{"logTime": "0324/063117", "correlationVector":"01MLLXRmhW8We8DJRpuySV.2","action":"ProcessGetUpdates", "result":"Done", "context":{"dataType":"Autofill", "deleted":"0", "process_failed_to_decrypt":"0", "process_pending_decryption":"0", "process_success":"26", "total":"26"}}
{"logTime": "0324/063117", "correlationVector":"01MLLXRmhW8We8DJRpuySV.3","action":"ProcessGetUpdates", "result":"Done", "context":{"dataType":"Sessions", "deleted":"211", "process_failed_to_decrypt":"0", "process_pending_decryption":"0", "process_success":"211", "total":"211"}}
{"logTime": "0324/063117", "correlationVector":"01MLLXRmhW8We8DJRpuySV.4","action":"ProcessGetUpdates", "result":"Done", "context":{"dataType":"Edge Hub App Usage", "deleted":"8", "process_failed_to_decrypt":"0", "process_pending_decryption":"0", "process_success":"13", "total":"13"}}
{"logTime": "0324/063117", "correlationVector":"01MLLXRmhW8We8DJRpuySV.5","action":"GetUpdates Response", "result":"Success", "context":Received 250 update(s). cV=01MLLXRmhW8We8DJRpuySV.0;server=akswtt00500000q;cloudType=Consumer;environment=Prod_southeastasia_prod-s01-064-apac-southeastasia;migrationStage=NotStarted Some updates remain.}
{"logTime": "0324/063117", "correlationVector":"Hz6lBdm2F4zI4BVZu7FROL","action":"Initial GetUpdates", "result":"", "context":Reason: NEWLY_SUPPORTED_DATATYPE. cV=Hz6lBdm2F4zI4BVZu7FROL}
{"logTime": "0324/063119", "correlationVector":"Hz6lBdm2F4zI4BVZu7FROL.1","action":"SyncServerConnectionManagerRequest", "result":"SYNC_SERVER_OK", "context":{"environment":"Prod_southeastasia_prod-s01-064-apac-southeastasia", "migrationStage":"NotStarted", "server":"akswtt005000026"}}
{"logTime": "0324/063119", "correlationVector":"Hz6lBdm2F4zI4BVZu7FROL.2","action":"ProcessGetUpdates", "result":"Done", "context":{"dataType":"Autofill", "deleted":"0", "process_failed_to_decrypt":"0", "process_pending_decryption":"0", "process_success":"38", "total":"38"}}
{"logTime": "0324/063119", "correlationVector":"Hz6lBdm2F4zI4BVZu7FROL.3","action":"ProcessGetUpdates", "result":"Done", "context":{"dataType":"Sessions", "deleted":"189", "process_failed_to_decrypt":"0", "process_pending_decryption":"0", "process_success":"189", "total":"189"}}
{"logTime": "0324/063119", "correlationVector":"Hz6lBdm2F4zI4BVZu7FROL.4","action":"ProcessGetUpdates", "result":"Done", "context":{"dataType":"Edge Hub App Usage", "deleted":"10", "process_failed_to_decrypt":"0", "process_pending_decryption":"0", "process_success":"22", "total":"22"}}
{"logTime": "0324/063119", "correlationVector":"Hz6lBdm2F4zI4BVZu7FROL.5","action":"ProcessGetUpdates", "result":"Done", "context":{"dataType":"Edge Tab Group", "deleted":"0", "process_failed_to_decrypt":"0", "process_pending_decryption":"0", "process_success":"1", "total":"1"}}
{"logTime": "0324/063119", "correlationVector":"Hz6lBdm2F4zI4BVZu7FROL.6","action":"GetUpdates Response", "result":"Success", "context":Received 250 update(s). cV=Hz6lBdm2F4zI4BVZu7FROL.0;server=akswtt005000026;cloudType=Consumer;environment=Prod_southeastasia_prod-s01-064-apac-southeastasia;migrationStage=NotStarted Some updates remain.}
{"logTime": "0324/063119", "correlationVector":"8xW/V4o/mXQoNvKszLgT4+","action":"Initial GetUpdates", "result":"", "context":Reason: NEWLY_SUPPORTED_DATATYPE. cV=8xW/V4o/mXQoNvKszLgT4+}
{"logTime": "0324/063121", "correlationVector":"8xW/V4o/mXQoNvKszLgT4+.1","action":"SyncServerConnectionManagerRequest", "result":"SYNC_SERVER_OK", "context":{"environment":"Prod_southeastasia_prod-s01-064-apac-southeastasia", "migrationStage":"NotStarted", "server":"akswtt00500002w"}}
{"logTime": "0324/063121", "correlationVector":"8xW/V4o/mXQoNvKszLgT4+.2","action":"ProcessGetUpdates", "result":"Done", "context":{"dataType":"Autofill Profiles", "deleted":"18", "process_failed_to_decrypt":"0", "process_pending_decryption":"0", "process_success":"21", "total":"21"}}
{"logTime": "0324/063121", "correlationVector":"8xW/V4o/mXQoNvKszLgT4+.3","action":"ProcessGetUpdates", "result":"Done", "context":{"dataType":"Autofill", "deleted":"0", "process_failed_to_decrypt":"0", "process_pending_decryption":"0", "process_success":"21", "total":"21"}}
{"logTime": "0324/063121", "correlationVector":"8xW/V4o/mXQoNvKszLgT4+.4","action":"ProcessGetUpdates", "result":"Done", "context":{"dataType":"Sessions", "deleted":"199", "process_failed_to_decrypt":"0", "process_pending_decryption":"0", "process_success":"199", "total":"199"}}
{"logTime": "0324/063121", "correlationVector":"8xW/V4o/mXQoNvKszLgT4+.5","action":"ProcessGetUpdates", "result":"Done", "context":{"dataType":"Edge Hub App Usage", "deleted":"2", "process_failed_to_decrypt":"0", "process_pending_decryption":"0", "process_success":"9", "total":"9"}}
{"logTime": "0324/063121", "correlationVector":"8xW/V4o/mXQoNvKszLgT4+.6","action":"GetUpdates Response", "result":"Success", "context":Received 250 update(s). cV=8xW/V4o/mXQoNvKszLgT4+.0;server=akswtt00500002w;cloudType=Consumer;environment=Prod_southeastasia_prod-s01-064-apac-southeastasia;migrationStage=NotStarted Some updates remain.}
{"logTime": "0324/063121", "correlationVector":"v2tYBViDdv2+RLAtUK0Q1l","action":"Initial GetUpdates", "result":"", "context":Reason: NEWLY_SUPPORTED_DATATYPE. cV=v2tYBViDdv2+RLAtUK0Q1l}
{"logTime": "0324/063122", "correlationVector":"v2tYBViDdv2+RLAtUK0Q1l.1","action":"SyncServerConnectionManagerRequest", "result":"SYNC_SERVER_OK", "context":{"environment":"Prod_southeastasia_prod-s01-064-apac-southeastasia", "migrationStage":"NotStarted", "server":"akswtt00500003c"}}
{"logTime": "0324/063122", "correlationVector":"v2tYBViDdv2+RLAtUK0Q1l.2","action":"ProcessGetUpdates", "result":"Done", "context":{"dataType":"Autofill Profiles", "deleted":"0", "process_failed_to_decrypt":"0", "process_pending_decryption":"0", "process_success":"1", "total":"1"}}
{"logTime": "0324/063122", "correlationVector":"v2tYBViDdv2+RLAtUK0Q1l.3","action":"ProcessGetUpdates", "result":"Done", "context":{"dataType":"Autofill", "deleted":"0", "process_failed_to_decrypt":"0", "process_pending_decryption":"0", "process_success":"17", "total":"17"}}
{"logTime": "0324/063122", "correlationVector":"v2tYBViDdv2+RLAtUK0Q1l.4","action":"ProcessGetUpdates", "result":"Done", "context":{"dataType":"Sessions", "deleted":"222", "process_failed_to_decrypt":"0", "process_pending_decryption":"0", "process_success":"222", "total":"222"}}
{"logTime": "0324/063122", "correlationVector":"v2tYBViDdv2+RLAtUK0Q1l.5","action":"ProcessGetUpdates", "result":"Done", "context":{"dataType":"Edge Hub App Usage", "deleted":"4", "process_failed_to_decrypt":"0", "process_pending_decryption":"0", "process_success":"10", "total":"10"}}
{"logTime": "0324/063122", "correlationVector":"v2tYBViDdv2+RLAtUK0Q1l.6","action":"GetUpdates Response", "result":"Success", "context":Received 250 update(s). cV=v2tYBViDdv2+RLAtUK0Q1l.0;server=akswtt00500003c;cloudType=Consumer;environment=Prod_southeastasia_prod-s01-064-apac-southeastasia;migrationStage=NotStarted Some updates remain.}
{"logTime": "0324/063122", "correlationVector":"faqNmW6oultKewWETxG5JL","action":"Initial GetUpdates", "result":"", "context":Reason: NEWLY_SUPPORTED_DATATYPE. cV=faqNmW6oultKewWETxG5JL}
{"logTime": "0324/063124", "correlationVector":"faqNmW6oultKewWETxG5JL.1","action":"SyncServerConnectionManagerRequest", "result":"SYNC_SERVER_OK", "context":{"environment":"Prod_southeastasia_prod-s01-064-apac-southeastasia", "migrationStage":"NotStarted", "server":"akswtt00500000f"}}
{"logTime": "0324/063124", "correlationVector":"faqNmW6oultKewWETxG5JL.2","action":"ProcessGetUpdates", "result":"Done", "context":{"dataType":"Autofill Profiles", "deleted":"0", "process_failed_to_decrypt":"0", "process_pending_decryption":"0", "process_success":"2", "total":"2"}}
{"logTime": "0324/063124", "correlationVector":"faqNmW6oultKewWETxG5JL.3","action":"ProcessGetUpdates", "result":"Done", "context":{"dataType":"Autofill", "deleted":"0", "process_failed_to_decrypt":"0", "process_pending_decryption":"0", "process_success":"38", "total":"38"}}
{"logTime": "0324/063124", "correlationVector":"faqNmW6oultKewWETxG5JL.4","action":"ProcessGetUpdates", "result":"Done", "context":{"dataType":"Sessions", "deleted":"200", "process_failed_to_decrypt":"0", "process_pending_decryption":"0", "process_success":"204", "total":"204"}}
{"logTime": "0324/063124", "correlationVector":"faqNmW6oultKewWETxG5JL.5","action":"ProcessGetUpdates", "result":"Done", "context":{"dataType":"Edge Hub App Usage", "deleted":"3", "process_failed_to_decrypt":"0", "process_pending_decryption":"0", "process_success":"6", "total":"6"}}
{"logTime": "0324/063124", "correlationVector":"faqNmW6oultKewWETxG5JL.6","action":"GetUpdates Response", "result":"Success", "context":Received 250 update(s). cV=faqNmW6oultKewWETxG5JL.0;server=akswtt00500000f;cloudType=Consumer;environment=Prod_southeastasia_prod-s01-064-apac-southeastasia;migrationStage=NotStarted Some updates remain.}
{"logTime": "0324/063124", "correlationVector":"eCy+g3zyq8L5j+xgx3kVlr","action":"Initial GetUpdates", "result":"", "context":Reason: NEWLY_SUPPORTED_DATATYPE. cV=eCy+g3zyq8L5j+xgx3kVlr}
{"logTime": "0324/063126", "correlationVector":"eCy+g3zyq8L5j+xgx3kVlr.1","action":"SyncServerConnectionManagerRequest", "result":"SYNC_SERVER_OK", "context":{"environment":"Prod_southeastasia_prod-s01-064-apac-southeastasia", "migrationStage":"NotStarted", "server":"akswtt005000026"}}
{"logTime": "0324/063126", "correlationVector":"eCy+g3zyq8L5j+xgx3kVlr.2","action":"ProcessGetUpdates", "result":"Done", "context":{"dataType":"Autofill Profiles", "deleted":"0", "process_failed_to_decrypt":"0", "process_pending_decryption":"0", "process_success":"1", "total":"1"}}
{"logTime": "0324/063126", "correlationVector":"eCy+g3zyq8L5j+xgx3kVlr.3","action":"ProcessGetUpdates", "result":"Done", "context":{"dataType":"Autofill", "deleted":"0", "process_failed_to_decrypt":"0", "process_pending_decryption":"0", "process_success":"9", "total":"9"}}
{"logTime": "0324/063126", "correlationVector":"eCy+g3zyq8L5j+xgx3kVlr.4","action":"ProcessGetUpdates", "result":"Done", "context":{"dataType":"Sessions", "deleted":"209", "process_failed_to_decrypt":"0", "process_pending_decryption":"0", "process_success":"237", "total":"237"}}
{"logTime": "0324/063126", "correlationVector":"eCy+g3zyq8L5j+xgx3kVlr.5","action":"ProcessGetUpdates", "result":"Done", "context":{"dataType":"Edge Hub App Usage", "deleted":"3", "process_failed_to_decrypt":"0", "process_pending_decryption":"0", "process_success":"3", "total":"3"}}
{"logTime": "0324/063126", "correlationVector":"eCy+g3zyq8L5j+xgx3kVlr.6","action":"GetUpdates Response", "result":"Success", "context":Received 250 update(s). cV=eCy+g3zyq8L5j+xgx3kVlr.0;server=akswtt005000026;cloudType=Consumer;environment=Prod_southeastasia_prod-s01-064-apac-southeastasia;migrationStage=NotStarted Some updates remain.}
{"logTime": "0324/063126", "correlationVector":"P5U9WHnEcehn1YpSg/RHgg","action":"Initial GetUpdates", "result":"", "context":Reason: NEWLY_SUPPORTED_DATATYPE. cV=P5U9WHnEcehn1YpSg/RHgg}
{"logTime": "0324/063127", "correlationVector":"P5U9WHnEcehn1YpSg/RHgg.1","action":"SyncServerConnectionManagerRequest", "result":"SYNC_SERVER_OK", "context":{"environment":"Prod_southeastasia_prod-s01-064-apac-southeastasia", "migrationStage":"NotStarted", "server":"akswtt00500001n"}}
{"logTime": "0324/063127", "correlationVector":"P5U9WHnEcehn1YpSg/RHgg.2","action":"ProcessGetUpdates", "result":"Done", "context":{"dataType":"Autofill Profiles", "deleted":"0", "process_failed_to_decrypt":"0", "process_pending_decryption":"0", "process_success":"1", "total":"1"}}
{"logTime": "0324/063127", "correlationVector":"P5U9WHnEcehn1YpSg/RHgg.3","action":"ProcessGetUpdates", "result":"Done", "context":{"dataType":"Autofill", "deleted":"0", "process_failed_to_decrypt":"0", "process_pending_decryption":"0", "process_success":"4", "total":"4"}}
{"logTime": "0324/063127", "correlationVector":"P5U9WHnEcehn1YpSg/RHgg.4","action":"ProcessGetUpdates", "result":"Done", "context":{"dataType":"Extensions", "deleted":"0", "process_failed_to_decrypt":"0", "process_pending_decryption":"0", "process_success":"1", "total":"1"}}
{"logTime": "0324/063127", "correlationVector":"P5U9WHnEcehn1YpSg/RHgg.5","action":"ProcessGetUpdates", "result":"Done", "context":{"dataType":"Sessions", "deleted":"209", "process_failed_to_decrypt":"0", "process_pending_decryption":"0", "process_success":"234", "total":"234"}}
{"logTime": "0324/063127", "correlationVector":"P5U9WHnEcehn1YpSg/RHgg.6","action":"ProcessGetUpdates", "result":"Done", "context":{"dataType":"Edge Hub App Usage", "deleted":"4", "process_failed_to_decrypt":"0", "process_pending_decryption":"0", "process_success":"9", "total":"9"}}
{"logTime": "0324/063127", "correlationVector":"P5U9WHnEcehn1YpSg/RHgg.7","action":"ProcessGetUpdates", "result":"Done", "context":{"dataType":"Edge Tab Group", "deleted":"0", "process_failed_to_decrypt":"0", "process_pending_decryption":"0", "process_success":"1", "total":"1"}}
{"logTime": "0324/063127", "correlationVector":"P5U9WHnEcehn1YpSg/RHgg.8","action":"GetUpdates Response", "result":"Success", "context":Received 250 update(s). cV=P5U9WHnEcehn1YpSg/RHgg.0;server=akswtt00500001n;cloudType=Consumer;environment=Prod_southeastasia_prod-s01-064-apac-southeastasia;migrationStage=NotStarted Some updates remain.}
{"logTime": "0324/063127", "correlationVector":"pEKlpB2HIrD8pnoApAaO7p","action":"Initial GetUpdates", "result":"", "context":Reason: NEWLY_SUPPORTED_DATATYPE. cV=pEKlpB2HIrD8pnoApAaO7p}
{"logTime": "0324/063128", "correlationVector":"pEKlpB2HIrD8pnoApAaO7p.1","action":"SyncServerConnectionManagerRequest", "result":"SYNC_SERVER_OK", "context":{"environment":"Prod_southeastasia_prod-s01-064-apac-southeastasia", "migrationStage":"NotStarted", "server":"akswtt005000029"}}
{"logTime": "0324/063128", "correlationVector":"pEKlpB2HIrD8pnoApAaO7p.2","action":"ProcessGetUpdates", "result":"Done", "context":{"dataType":"Autofill Profiles", "deleted":"0", "process_failed_to_decrypt":"0", "process_pending_decryption":"0", "process_success":"2", "total":"2"}}
{"logTime": "0324/063128", "correlationVector":"pEKlpB2HIrD8pnoApAaO7p.3","action":"ProcessGetUpdates", "result":"Done", "context":{"dataType":"Autofill", "deleted":"0", "process_failed_to_decrypt":"0", "process_pending_decryption":"0", "process_success":"9", "total":"9"}}
{"logTime": "0324/063128", "correlationVector":"pEKlpB2HIrD8pnoApAaO7p.4","action":"ProcessGetUpdates", "result":"Done", "context":{"dataType":"Extensions", "deleted":"0", "process_failed_to_decrypt":"0", "process_pending_decryption":"0", "process_success":"1", "total":"1"}}
{"logTime": "0324/063128", "correlationVector":"pEKlpB2HIrD8pnoApAaO7p.5","action":"ProcessGetUpdates", "result":"Done", "context":{"dataType":"Sessions", "deleted":"202", "process_failed_to_decrypt":"0", "process_pending_decryption":"0", "process_success":"228", "total":"228"}}
{"logTime": "0324/063128", "correlationVector":"pEKlpB2HIrD8pnoApAaO7p.6","action":"ProcessGetUpdates", "result":"Done", "context":{"dataType":"Edge Hub App Usage", "deleted":"0", "process_failed_to_decrypt":"0", "process_pending_decryption":"0", "process_success":"10", "total":"10"}}
{"logTime": "0324/063128", "correlationVector":"pEKlpB2HIrD8pnoApAaO7p.7","action":"GetUpdates Response", "result":"Success", "context":Received 250 update(s). cV=pEKlpB2HIrD8pnoApAaO7p.0;server=akswtt005000029;cloudType=Consumer;environment=Prod_southeastasia_prod-s01-064-apac-southeastasia;migrationStage=NotStarted Some updates remain.}
{"logTime": "0324/063128", "correlationVector":"VkmlHkdXH0uvZQs592tzTO","action":"Initial GetUpdates", "result":"", "context":Reason: NEWLY_SUPPORTED_DATATYPE. cV=VkmlHkdXH0uvZQs592tzTO}
{"logTime": "0324/063128", "correlationVector":"VkmlHkdXH0uvZQs592tzTO.1","action":"SyncServerConnectionManagerRequest", "result":"SYNC_SERVER_OK", "context":{"environment":"Prod_southeastasia_prod-s01-064-apac-southeastasia", "migrationStage":"NotStarted", "server":"akswtt005000002"}}
{"logTime": "0324/063128", "correlationVector":"VkmlHkdXH0uvZQs592tzTO.2","action":"ProcessGetUpdates", "result":"Done", "context":{"dataType":"Sessions", "deleted":"4", "process_failed_to_decrypt":"0", "process_pending_decryption":"0", "process_success":"22", "total":"22"}}
{"logTime": "0324/063128", "correlationVector":"VkmlHkdXH0uvZQs592tzTO.3","action":"ProcessGetUpdates", "result":"Done", "context":{"dataType":"Collection", "deleted":"0", "process_failed_to_decrypt":"0", "process_pending_decryption":"0", "process_success":"8", "total":"8"}}
{"logTime": "0324/063128", "correlationVector":"VkmlHkdXH0uvZQs592tzTO.4","action":"GetUpdates Response", "result":"Success", "context":Received 30 update(s). cV=VkmlHkdXH0uvZQs592tzTO.0;server=akswtt005000002;cloudType=Consumer;environment=Prod_southeastasia_prod-s01-064-apac-southeastasia;migrationStage=NotStarted}
{"logTime": "0324/063128", "correlationVector":"WazPu9+jrGQaMIPEUFfn9e","action":"Initial GetUpdates", "result":"", "context":Reason: NEWLY_SUPPORTED_DATATYPE. cV=WazPu9+jrGQaMIPEUFfn9e}
{"logTime": "0324/063129", "correlationVector":"WazPu9+jrGQaMIPEUFfn9e.1","action":"SyncServerConnectionManagerRequest", "result":"SYNC_SERVER_OK", "context":{"environment":"Prod_southeastasia_prod-s01-064-apac-southeastasia", "migrationStage":"NotStarted", "server":"akswtt005000052"}}
{"logTime": "0324/063129", "correlationVector":"WazPu9+jrGQaMIPEUFfn9e.2","action":"ProcessGetUpdates", "result":"Done", "context":{"dataType":"History", "deleted":"0", "process_failed_to_decrypt":"0", "process_pending_decryption":"0", "process_success":"250", "total":"250"}}
{"logTime": "0324/063129", "correlationVector":"WazPu9+jrGQaMIPEUFfn9e.3","action":"GetUpdates Response", "result":"Success", "context":Received 250 update(s). cV=WazPu9+jrGQaMIPEUFfn9e.0;server=akswtt005000052;cloudType=Consumer;environment=Prod_southeastasia_prod-s01-064-apac-southeastasia;migrationStage=NotStarted Some updates remain.}
{"logTime": "0324/063129", "correlationVector":"uOSfOqF5vND4AoU73Kg+M4","action":"Initial GetUpdates", "result":"", "context":Reason: NEWLY_SUPPORTED_DATATYPE. cV=uOSfOqF5vND4AoU73Kg+M4}
{"logTime": "0324/063130", "correlationVector":"uOSfOqF5vND4AoU73Kg+M4.1","action":"SyncServerConnectionManagerRequest", "result":"SYNC_SERVER_OK", "context":{"environment":"Prod_southeastasia_prod-s01-064-apac-southeastasia", "migrationStage":"NotStarted", "server":"akswtt005000021"}}
{"logTime": "0324/063130", "correlationVector":"uOSfOqF5vND4AoU73Kg+M4.2","action":"ProcessGetUpdates", "result":"Done", "context":{"dataType":"History", "deleted":"0", "process_failed_to_decrypt":"0", "process_pending_decryption":"0", "process_success":"250", "total":"250"}}
{"logTime": "0324/063130", "correlationVector":"uOSfOqF5vND4AoU73Kg+M4.3","action":"GetUpdates Response", "result":"Success", "context":Received 250 update(s). cV=uOSfOqF5vND4AoU73Kg+M4.0;server=akswtt005000021;cloudType=Consumer;environment=Prod_southeastasia_prod-s01-064-apac-southeastasia;migrationStage=NotStarted Some updates remain.}
{"logTime": "0324/063130", "correlationVector":"EOmCrYLxTH7Uvmv9pY7Xgp","action":"Initial GetUpdates", "result":"", "context":Reason: NEWLY_SUPPORTED_DATATYPE. cV=EOmCrYLxTH7Uvmv9pY7Xgp}
{"logTime": "0324/063131", "correlationVector":"EOmCrYLxTH7Uvmv9pY7Xgp.1","action":"SyncServerConnectionManagerRequest", "result":"SYNC_SERVER_OK", "context":{"environment":"Prod_southeastasia_prod-s01-064-apac-southeastasia", "migrationStage":"NotStarted", "server":"akswtt00500003c"}}
{"logTime": "0324/063131", "correlationVector":"EOmCrYLxTH7Uvmv9pY7Xgp.2","action":"ProcessGetUpdates", "result":"Done", "context":{"dataType":"History", "deleted":"0", "process_failed_to_decrypt":"0", "process_pending_decryption":"0", "process_success":"250", "total":"250"}}
{"logTime": "0324/063131", "correlationVector":"EOmCrYLxTH7Uvmv9pY7Xgp.3","action":"GetUpdates Response", "result":"Success", "context":Received 250 update(s). cV=EOmCrYLxTH7Uvmv9pY7Xgp.0;server=akswtt00500003c;cloudType=Consumer;environment=Prod_southeastasia_prod-s01-064-apac-southeastasia;migrationStage=NotStarted Some updates remain.}
{"logTime": "0324/063131", "correlationVector":"5jDca0HZ7etruk/NmH39MH","action":"Initial GetUpdates", "result":"", "context":Reason: NEWLY_SUPPORTED_DATATYPE. cV=5jDca0HZ7etruk/NmH39MH}
{"logTime": "0324/063132", "correlationVector":"5jDca0HZ7etruk/NmH39MH.1","action":"SyncServerConnectionManagerRequest", "result":"SYNC_SERVER_OK", "context":{"environment":"Prod_southeastasia_prod-s01-064-apac-southeastasia", "migrationStage":"NotStarted", "server":"akswtt005000052"}}
{"logTime": "0324/063132", "correlationVector":"5jDca0HZ7etruk/NmH39MH.2","action":"ProcessGetUpdates", "result":"Done", "context":{"dataType":"History", "deleted":"0", "process_failed_to_decrypt":"0", "process_pending_decryption":"0", "process_success":"250", "total":"250"}}
{"logTime": "0324/063132", "correlationVector":"5jDca0HZ7etruk/NmH39MH.3","action":"GetUpdates Response", "result":"Success", "context":Received 250 update(s). cV=5jDca0HZ7etruk/NmH39MH.0;server=akswtt005000052;cloudType=Consumer;environment=Prod_southeastasia_prod-s01-064-apac-southeastasia;migrationStage=NotStarted Some updates remain.}
{"logTime": "0324/063132", "correlationVector":"J7oHHbBussmGvD/fI+ZCmc","action":"Initial GetUpdates", "result":"", "context":Reason: NEWLY_SUPPORTED_DATATYPE. cV=J7oHHbBussmGvD/fI+ZCmc}
{"logTime": "0324/063133", "correlationVector":"J7oHHbBussmGvD/fI+ZCmc.1","action":"SyncServerConnectionManagerRequest", "result":"SYNC_SERVER_OK", "context":{"environment":"Prod_southeastasia_prod-s01-064-apac-southeastasia", "migrationStage":"NotStarted", "server":"akswtt005000001"}}
{"logTime": "0324/063133", "correlationVector":"J7oHHbBussmGvD/fI+ZCmc.2","action":"ProcessGetUpdates", "result":"Done", "context":{"dataType":"History", "deleted":"0", "process_failed_to_decrypt":"0", "process_pending_decryption":"0", "process_success":"250", "total":"250"}}
{"logTime": "0324/063133", "correlationVector":"J7oHHbBussmGvD/fI+ZCmc.3","action":"GetUpdates Response", "result":"Success", "context":Received 250 update(s). cV=J7oHHbBussmGvD/fI+ZCmc.0;server=akswtt005000001;cloudType=Consumer;environment=Prod_southeastasia_prod-s01-064-apac-southeastasia;migrationStage=NotStarted Some updates remain.}
{"logTime": "0324/063133", "correlationVector":"zisl+aYOyh/M9V/O25DlkH","action":"Initial GetUpdates", "result":"", "context":Reason: NEWLY_SUPPORTED_DATATYPE. cV=zisl+aYOyh/M9V/O25DlkH}
{"logTime": "0324/063134", "correlationVector":"zisl+aYOyh/M9V/O25DlkH.1","action":"SyncServerConnectionManagerRequest", "result":"SYNC_SERVER_OK", "context":{"environment":"Prod_southeastasia_prod-s01-064-apac-southeastasia", "migrationStage":"NotStarted", "server":"akswtt005000050"}}
{"logTime": "0324/063134", "correlationVector":"zisl+aYOyh/M9V/O25DlkH.2","action":"ProcessGetUpdates", "result":"Done", "context":{"dataType":"History", "deleted":"0", "process_failed_to_decrypt":"0", "process_pending_decryption":"0", "process_success":"250", "total":"250"}}
{"logTime": "0324/063134", "correlationVector":"zisl+aYOyh/M9V/O25DlkH.3","action":"GetUpdates Response", "result":"Success", "context":Received 250 update(s). cV=zisl+aYOyh/M9V/O25DlkH.0;server=akswtt005000050;cloudType=Consumer;environment=Prod_southeastasia_prod-s01-064-apac-southeastasia;migrationStage=NotStarted Some updates remain.}
{"logTime": "0324/063134", "correlationVector":"6gYVuXvMBd47nWX7vdPMx+","action":"Initial GetUpdates", "result":"", "context":Reason: NEWLY_SUPPORTED_DATATYPE. cV=6gYVuXvMBd47nWX7vdPMx+}
{"logTime": "0324/063135", "correlationVector":"6gYVuXvMBd47nWX7vdPMx+.1","action":"SyncServerConnectionManagerRequest", "result":"SYNC_SERVER_OK", "context":{"environment":"Prod_southeastasia_prod-s01-064-apac-southeastasia", "migrationStage":"NotStarted", "server":"akswtt005000002"}}
{"logTime": "0324/063135", "correlationVector":"6gYVuXvMBd47nWX7vdPMx+.2","action":"ProcessGetUpdates", "result":"Done", "context":{"dataType":"History", "deleted":"0", "process_failed_to_decrypt":"0", "process_pending_decryption":"0", "process_success":"250", "total":"250"}}
{"logTime": "0324/063135", "correlationVector":"6gYVuXvMBd47nWX7vdPMx+.3","action":"GetUpdates Response", "result":"Success", "context":Received 250 update(s). cV=6gYVuXvMBd47nWX7vdPMx+.0;server=akswtt005000002;cloudType=Consumer;environment=Prod_southeastasia_prod-s01-064-apac-southeastasia;migrationStage=NotStarted Some updates remain.}
{"logTime": "0324/063135", "correlationVector":"TWY06Y9/APu3NElb/nthlO","action":"Initial GetUpdates", "result":"", "context":Reason: NEWLY_SUPPORTED_DATATYPE. cV=TWY06Y9/APu3NElb/nthlO}
{"logTime": "0324/063136", "correlationVector":"TWY06Y9/APu3NElb/nthlO.1","action":"SyncServerConnectionManagerRequest", "result":"SYNC_SERVER_OK", "context":{"environment":"Prod_southeastasia_prod-s01-064-apac-southeastasia", "migrationStage":"NotStarted", "server":"akswtt005000021"}}
{"logTime": "0324/063136", "correlationVector":"TWY06Y9/APu3NElb/nthlO.2","action":"ProcessGetUpdates", "result":"Done", "context":{"dataType":"History", "deleted":"0", "process_failed_to_decrypt":"0", "process_pending_decryption":"0", "process_success":"250", "total":"250"}}
{"logTime": "0324/063136", "correlationVector":"TWY06Y9/APu3NElb/nthlO.3","action":"GetUpdates Response", "result":"Success", "context":Received 250 update(s). cV=TWY06Y9/APu3NElb/nthlO.0;server=akswtt005000021;cloudType=Consumer;environment=Prod_southeastasia_prod-s01-064-apac-southeastasia;migrationStage=NotStarted Some updates remain.}
{"logTime": "0324/063136", "correlationVector":"TEe3u0JIEHtAOg0aCSYkYJ","action":"Initial GetUpdates", "result":"", "context":Reason: NEWLY_SUPPORTED_DATATYPE. cV=TEe3u0JIEHtAOg0aCSYkYJ}
{"logTime": "0324/063137", "correlationVector":"TEe3u0JIEHtAOg0aCSYkYJ.1","action":"SyncServerConnectionManagerRequest", "result":"SYNC_SERVER_OK", "context":{"environment":"Prod_southeastasia_prod-s01-064-apac-southeastasia", "migrationStage":"NotStarted", "server":"akswtt00500002w"}}
{"logTime": "0324/063137", "correlationVector":"TEe3u0JIEHtAOg0aCSYkYJ.2","action":"ProcessGetUpdates", "result":"Done", "context":{"dataType":"History", "deleted":"0", "process_failed_to_decrypt":"0", "process_pending_decryption":"0", "process_success":"250", "total":"250"}}
{"logTime": "0324/063137", "correlationVector":"TEe3u0JIEHtAOg0aCSYkYJ.3","action":"GetUpdates Response", "result":"Success", "context":Received 250 update(s). cV=TEe3u0JIEHtAOg0aCSYkYJ.0;server=akswtt00500002w;cloudType=Consumer;environment=Prod_southeastasia_prod-s01-064-apac-southeastasia;migrationStage=NotStarted Some updates remain.}
{"logTime": "0324/063137", "correlationVector":"DHU3FfrIZBqIqZC8AD/MAs","action":"Initial GetUpdates", "result":"", "context":Reason: NEWLY_SUPPORTED_DATATYPE. cV=DHU3FfrIZBqIqZC8AD/MAs}
{"logTime": "0324/063138", "correlationVector":"DHU3FfrIZBqIqZC8AD/MAs.1","action":"SyncServerConnectionManagerRequest", "result":"SYNC_SERVER_OK", "context":{"environment":"Prod_southeastasia_prod-s01-064-apac-southeastasia", "migrationStage":"NotStarted", "server":"akswtt005000026"}}
{"logTime": "0324/063138", "correlationVector":"DHU3FfrIZBqIqZC8AD/MAs.2","action":"ProcessGetUpdates", "result":"Done", "context":{"dataType":"History", "deleted":"0", "process_failed_to_decrypt":"0", "process_pending_decryption":"0", "process_success":"250", "total":"250"}}
{"logTime": "0324/063138", "correlationVector":"DHU3FfrIZBqIqZC8AD/MAs.3","action":"GetUpdates Response", "result":"Success", "context":Received 250 update(s). cV=DHU3FfrIZBqIqZC8AD/MAs.0;server=akswtt005000026;cloudType=Consumer;environment=Prod_southeastasia_prod-s01-064-apac-southeastasia;migrationStage=NotStarted Some updates remain.}
{"logTime": "0324/063138", "correlationVector":"8xG/b+4agdzVLo0f5LOsJf","action":"Initial GetUpdates", "result":"", "context":Reason: NEWLY_SUPPORTED_DATATYPE. cV=8xG/b+4agdzVLo0f5LOsJf}
{"logTime": "0324/063139", "correlationVector":"8xG/b+4agdzVLo0f5LOsJf.1","action":"SyncServerConnectionManagerRequest", "result":"SYNC_SERVER_OK", "context":{"environment":"Prod_southeastasia_prod-s01-064-apac-southeastasia", "migrationStage":"NotStarted", "server":"akswtt005000001"}}
{"logTime": "0324/063139", "correlationVector":"8xG/b+4agdzVLo0f5LOsJf.2","action":"ProcessGetUpdates", "result":"Done", "context":{"dataType":"History", "deleted":"0", "process_failed_to_decrypt":"0", "process_pending_decryption":"0", "process_success":"250", "total":"250"}}
{"logTime": "0324/063139", "correlationVector":"8xG/b+4agdzVLo0f5LOsJf.3","action":"GetUpdates Response", "result":"Success", "context":Received 250 update(s). cV=8xG/b+4agdzVLo0f5LOsJf.0;server=akswtt005000001;cloudType=Consumer;environment=Prod_southeastasia_prod-s01-064-apac-southeastasia;migrationStage=NotStarted Some updates remain.}
{"logTime": "0324/063139", "correlationVector":"vrOyDE/gNpmhE2tTpfeps7","action":"Initial GetUpdates", "result":"", "context":Reason: NEWLY_SUPPORTED_DATATYPE. cV=vrOyDE/gNpmhE2tTpfeps7}
{"logTime": "0324/063139", "correlationVector":"vrOyDE/gNpmhE2tTpfeps7.1","action":"SyncServerConnectionManagerRequest", "result":"SYNC_SERVER_OK", "context":{"environment":"Prod_southeastasia_prod-s01-064-apac-southeastasia", "migrationStage":"NotStarted", "server":"akswtt005000002"}}
{"logTime": "0324/063139", "correlationVector":"vrOyDE/gNpmhE2tTpfeps7.2","action":"ProcessGetUpdates", "result":"Done", "context":{"dataType":"History", "deleted":"0", "process_failed_to_decrypt":"0", "process_pending_decryption":"0", "process_success":"250", "total":"250"}}
{"logTime": "0324/063139", "correlationVector":"vrOyDE/gNpmhE2tTpfeps7.3","action":"GetUpdates Response", "result":"Success", "context":Received 250 update(s). cV=vrOyDE/gNpmhE2tTpfeps7.0;server=akswtt005000002;cloudType=Consumer;environment=Prod_southeastasia_prod-s01-064-apac-southeastasia;migrationStage=NotStarted Some updates remain.}
{"logTime": "0324/063139", "correlationVector":"JJns8LaeKS+U4NkWhLpFG2","action":"Initial GetUpdates", "result":"", "context":Reason: NEWLY_SUPPORTED_DATATYPE. cV=JJns8LaeKS+U4NkWhLpFG2}
{"logTime": "0324/063141", "correlationVector":"JJns8LaeKS+U4NkWhLpFG2.1","action":"SyncServerConnectionManagerRequest", "result":"SYNC_SERVER_OK", "context":{"environment":"Prod_southeastasia_prod-s01-064-apac-southeastasia", "migrationStage":"NotStarted", "server":"akswtt00500000h"}}
{"logTime": "0324/063141", "correlationVector":"JJns8LaeKS+U4NkWhLpFG2.2","action":"ProcessGetUpdates", "result":"Done", "context":{"dataType":"History", "deleted":"0", "process_failed_to_decrypt":"0", "process_pending_decryption":"0", "process_success":"250", "total":"250"}}
{"logTime": "0324/063141", "correlationVector":"JJns8LaeKS+U4NkWhLpFG2.3","action":"GetUpdates Response", "result":"Success", "context":Received 250 update(s). cV=JJns8LaeKS+U4NkWhLpFG2.0;server=akswtt00500000h;cloudType=Consumer;environment=Prod_southeastasia_prod-s01-064-apac-southeastasia;migrationStage=NotStarted Some updates remain.}
{"logTime": "0324/063141", "correlationVector":"3uPgGyQ0XXlbaWanvRsNuk","action":"Initial GetUpdates", "result":"", "context":Reason: NEWLY_SUPPORTED_DATATYPE. cV=3uPgGyQ0XXlbaWanvRsNuk}
{"logTime": "0324/063142", "correlationVector":"3uPgGyQ0XXlbaWanvRsNuk.1","action":"SyncServerConnectionManagerRequest", "result":"SYNC_SERVER_OK", "context":{"environment":"Prod_southeastasia_prod-s01-064-apac-southeastasia", "migrationStage":"NotStarted", "server":"akswtt005000029"}}
{"logTime": "0324/063142", "correlationVector":"3uPgGyQ0XXlbaWanvRsNuk.2","action":"ProcessGetUpdates", "result":"Done", "context":{"dataType":"History", "deleted":"0", "process_failed_to_decrypt":"0", "process_pending_decryption":"0", "process_success":"250", "total":"250"}}
{"logTime": "0324/063142", "correlationVector":"3uPgGyQ0XXlbaWanvRsNuk.3","action":"GetUpdates Response", "result":"Success", "context":Received 250 update(s). cV=3uPgGyQ0XXlbaWanvRsNuk.0;server=akswtt005000029;cloudType=Consumer;environment=Prod_southeastasia_prod-s01-064-apac-southeastasia;migrationStage=NotStarted Some updates remain.}
{"logTime": "0324/063142", "correlationVector":"QGyLNF9/B3+vhANzQudPEY","action":"Initial GetUpdates", "result":"", "context":Reason: NEWLY_SUPPORTED_DATATYPE. cV=QGyLNF9/B3+vhANzQudPEY}
{"logTime": "0324/063143", "correlationVector":"QGyLNF9/B3+vhANzQudPEY.1","action":"SyncServerConnectionManagerRequest", "result":"SYNC_SERVER_OK", "context":{"environment":"Prod_southeastasia_prod-s01-064-apac-southeastasia", "migrationStage":"NotStarted", "server":"akswtt005000021"}}
{"logTime": "0324/063143", "correlationVector":"QGyLNF9/B3+vhANzQudPEY.2","action":"ProcessGetUpdates", "result":"Done", "context":{"dataType":"History", "deleted":"0", "process_failed_to_decrypt":"0", "process_pending_decryption":"0", "process_success":"250", "total":"250"}}
{"logTime": "0324/063143", "correlationVector":"QGyLNF9/B3+vhANzQudPEY.3","action":"GetUpdates Response", "result":"Success", "context":Received 250 update(s). cV=QGyLNF9/B3+vhANzQudPEY.0;server=akswtt005000021;cloudType=Consumer;environment=Prod_southeastasia_prod-s01-064-apac-southeastasia;migrationStage=NotStarted Some updates remain.}
{"logTime": "0324/063143", "correlationVector":"0MjLr0O7yjr64pvvs2lnsj","action":"Initial GetUpdates", "result":"", "context":Reason: NEWLY_SUPPORTED_DATATYPE. cV=0MjLr0O7yjr64pvvs2lnsj}
{"logTime": "0324/063144", "correlationVector":"0MjLr0O7yjr64pvvs2lnsj.1","action":"SyncServerConnectionManagerRequest", "result":"SYNC_SERVER_OK", "context":{"environment":"Prod_southeastasia_prod-s01-064-apac-southeastasia", "migrationStage":"NotStarted", "server":"akswtt00500000f"}}
{"logTime": "0324/063144", "correlationVector":"0MjLr0O7yjr64pvvs2lnsj.2","action":"ProcessGetUpdates", "result":"Done", "context":{"dataType":"History", "deleted":"0", "process_failed_to_decrypt":"0", "process_pending_decryption":"0", "process_success":"250", "total":"250"}}
{"logTime": "0324/063144", "correlationVector":"0MjLr0O7yjr64pvvs2lnsj.3","action":"GetUpdates Response", "result":"Success", "context":Received 250 update(s). cV=0MjLr0O7yjr64pvvs2lnsj.0;server=akswtt00500000f;cloudType=Consumer;environment=Prod_southeastasia_prod-s01-064-apac-southeastasia;migrationStage=NotStarted Some updates remain.}
{"logTime": "0324/063144", "correlationVector":"pkNefpH++ZZ1BkDMSwCSzd","action":"Initial GetUpdates", "result":"", "context":Reason: NEWLY_SUPPORTED_DATATYPE. cV=pkNefpH++ZZ1BkDMSwCSzd}
{"logTime": "0324/063144", "correlationVector":"pkNefpH++ZZ1BkDMSwCSzd.1","action":"SyncServerConnectionManagerRequest", "result":"SYNC_SERVER_OK", "context":{"environment":"Prod_southeastasia_prod-s01-064-apac-southeastasia", "migrationStage":"NotStarted", "server":"akswtt005000050"}}
{"logTime": "0324/063144", "correlationVector":"pkNefpH++ZZ1BkDMSwCSzd.2","action":"ProcessGetUpdates", "result":"Done", "context":{"dataType":"History", "deleted":"0", "process_failed_to_decrypt":"0", "process_pending_decryption":"0", "process_success":"250", "total":"250"}}
{"logTime": "0324/063144", "correlationVector":"pkNefpH++ZZ1BkDMSwCSzd.3","action":"GetUpdates Response", "result":"Success", "context":Received 250 update(s). cV=pkNefpH++ZZ1BkDMSwCSzd.0;server=akswtt005000050;cloudType=Consumer;environment=Prod_southeastasia_prod-s01-064-apac-southeastasia;migrationStage=NotStarted Some updates remain.}
{"logTime": "0324/063144", "correlationVector":"eYPjUBePHAAV7NO5yM6Lpe","action":"Initial GetUpdates", "result":"", "context":Reason: NEWLY_SUPPORTED_DATATYPE. cV=eYPjUBePHAAV7NO5yM6Lpe}
{"logTime": "0324/063145", "correlationVector":"eYPjUBePHAAV7NO5yM6Lpe.1","action":"SyncServerConnectionManagerRequest", "result":"SYNC_SERVER_OK", "context":{"environment":"Prod_southeastasia_prod-s01-064-apac-southeastasia", "migrationStage":"NotStarted", "server":"akswtt005000021"}}
{"logTime": "0324/063145", "correlationVector":"eYPjUBePHAAV7NO5yM6Lpe.2","action":"ProcessGetUpdates", "result":"Done", "context":{"dataType":"History", "deleted":"0", "process_failed_to_decrypt":"0", "process_pending_decryption":"0", "process_success":"250", "total":"250"}}
{"logTime": "0324/063145", "correlationVector":"eYPjUBePHAAV7NO5yM6Lpe.3","action":"GetUpdates Response", "result":"Success", "context":Received 250 update(s). cV=eYPjUBePHAAV7NO5yM6Lpe.0;server=akswtt005000021;cloudType=Consumer;environment=Prod_southeastasia_prod-s01-064-apac-southeastasia;migrationStage=NotStarted Some updates remain.}
{"logTime": "0324/063145", "correlationVector":"Ok2Zty5Q1/s/fos920cHrA","action":"Initial GetUpdates", "result":"", "context":Reason: NEWLY_SUPPORTED_DATATYPE. cV=Ok2Zty5Q1/s/fos920cHrA}
{"logTime": "0324/063146", "correlationVector":"Ok2Zty5Q1/s/fos920cHrA.1","action":"SyncServerConnectionManagerRequest", "result":"SYNC_SERVER_OK", "context":{"environment":"Prod_southeastasia_prod-s01-064-apac-southeastasia", "migrationStage":"NotStarted", "server":"akswtt00500000q"}}
{"logTime": "0324/063146", "correlationVector":"Ok2Zty5Q1/s/fos920cHrA.2","action":"ProcessGetUpdates", "result":"Done", "context":{"dataType":"History", "deleted":"0", "process_failed_to_decrypt":"0", "process_pending_decryption":"0", "process_success":"250", "total":"250"}}
{"logTime": "0324/063146", "correlationVector":"Ok2Zty5Q1/s/fos920cHrA.3","action":"GetUpdates Response", "result":"Success", "context":Received 250 update(s). cV=Ok2Zty5Q1/s/fos920cHrA.0;server=akswtt00500000q;cloudType=Consumer;environment=Prod_southeastasia_prod-s01-064-apac-southeastasia;migrationStage=NotStarted Some updates remain.}
{"logTime": "0324/063146", "correlationVector":"E65ohC6OEBOj8EFwgB9Eb1","action":"Initial GetUpdates", "result":"", "context":Reason: NEWLY_SUPPORTED_DATATYPE. cV=E65ohC6OEBOj8EFwgB9Eb1}
{"logTime": "0324/063148", "correlationVector":"E65ohC6OEBOj8EFwgB9Eb1.1","action":"SyncServerConnectionManagerRequest", "result":"SYNC_SERVER_OK", "context":{"environment":"Prod_southeastasia_prod-s01-064-apac-southeastasia", "migrationStage":"NotStarted", "server":"akswtt00500002w"}}
{"logTime": "0324/063148", "correlationVector":"E65ohC6OEBOj8EFwgB9Eb1.2","action":"ProcessGetUpdates", "result":"Done", "context":{"dataType":"History", "deleted":"0", "process_failed_to_decrypt":"0", "process_pending_decryption":"0", "process_success":"250", "total":"250"}}
{"logTime": "0324/063148", "correlationVector":"E65ohC6OEBOj8EFwgB9Eb1.3","action":"GetUpdates Response", "result":"Success", "context":Received 250 update(s). cV=E65ohC6OEBOj8EFwgB9Eb1.0;server=akswtt00500002w;cloudType=Consumer;environment=Prod_southeastasia_prod-s01-064-apac-southeastasia;migrationStage=NotStarted Some updates remain.}
{"logTime": "0324/063148", "correlationVector":"K6NF4qX7hJwjiwnUZ3DcNB","action":"Initial GetUpdates", "result":"", "context":Reason: NEWLY_SUPPORTED_DATATYPE. cV=K6NF4qX7hJwjiwnUZ3DcNB}
{"logTime": "0324/063149", "correlationVector":"K6NF4qX7hJwjiwnUZ3DcNB.1","action":"SyncServerConnectionManagerRequest", "result":"SYNC_SERVER_OK", "context":{"environment":"Prod_southeastasia_prod-s01-064-apac-southeastasia", "migrationStage":"NotStarted", "server":"akswtt005000050"}}
{"logTime": "0324/063149", "correlationVector":"K6NF4qX7hJwjiwnUZ3DcNB.2","action":"ProcessGetUpdates", "result":"Done", "context":{"dataType":"History", "deleted":"0", "process_failed_to_decrypt":"0", "process_pending_decryption":"0", "process_success":"250", "total":"250"}}
{"logTime": "0324/063149", "correlationVector":"K6NF4qX7hJwjiwnUZ3DcNB.3","action":"GetUpdates Response", "result":"Success", "context":Received 250 update(s). cV=K6NF4qX7hJwjiwnUZ3DcNB.0;server=akswtt005000050;cloudType=Consumer;environment=Prod_southeastasia_prod-s01-064-apac-southeastasia;migrationStage=NotStarted Some updates remain.}
{"logTime": "0324/063149", "correlationVector":"GlVKIxymsIIxRT7WmBkeDF","action":"Initial GetUpdates", "result":"", "context":Reason: NEWLY_SUPPORTED_DATATYPE. cV=GlVKIxymsIIxRT7WmBkeDF}
{"logTime": "0324/063150", "correlationVector":"GlVKIxymsIIxRT7WmBkeDF.1","action":"SyncServerConnectionManagerRequest", "result":"SYNC_SERVER_OK", "context":{"environment":"Prod_southeastasia_prod-s01-064-apac-southeastasia", "migrationStage":"NotStarted", "server":"akswtt00500005j"}}
{"logTime": "0324/063150", "correlationVector":"GlVKIxymsIIxRT7WmBkeDF.2","action":"ProcessGetUpdates", "result":"Done", "context":{"dataType":"History", "deleted":"0", "process_failed_to_decrypt":"0", "process_pending_decryption":"0", "process_success":"250", "total":"250"}}
{"logTime": "0324/063150", "correlationVector":"GlVKIxymsIIxRT7WmBkeDF.3","action":"GetUpdates Response", "result":"Success", "context":Received 250 update(s). cV=GlVKIxymsIIxRT7WmBkeDF.0;server=akswtt00500005j;cloudType=Consumer;environment=Prod_southeastasia_prod-s01-064-apac-southeastasia;migrationStage=NotStarted Some updates remain.}
{"logTime": "0324/063150", "correlationVector":"OKw7fk1y2+4C9No2GqI2ot","action":"Initial GetUpdates", "result":"", "context":Reason: NEWLY_SUPPORTED_DATATYPE. cV=OKw7fk1y2+4C9No2GqI2ot}
{"logTime": "0324/063151", "correlationVector":"OKw7fk1y2+4C9No2GqI2ot.1","action":"SyncServerConnectionManagerRequest", "result":"SYNC_SERVER_OK", "context":{"environment":"Prod_southeastasia_prod-s01-064-apac-southeastasia", "migrationStage":"NotStarted", "server":"akswtt005000029"}}
{"logTime": "0324/063151", "correlationVector":"OKw7fk1y2+4C9No2GqI2ot.2","action":"ProcessGetUpdates", "result":"Done", "context":{"dataType":"History", "deleted":"0", "process_failed_to_decrypt":"0", "process_pending_decryption":"0", "process_success":"250", "total":"250"}}
{"logTime": "0324/063151", "correlationVector":"OKw7fk1y2+4C9No2GqI2ot.3","action":"GetUpdates Response", "result":"Success", "context":Received 250 update(s). cV=OKw7fk1y2+4C9No2GqI2ot.0;server=akswtt005000029;cloudType=Consumer;environment=Prod_southeastasia_prod-s01-064-apac-southeastasia;migrationStage=NotStarted Some updates remain.}
{"logTime": "0324/063151", "correlationVector":"0lxus86Pkdg8dmq1vXGEGU","action":"Initial GetUpdates", "result":"", "context":Reason: NEWLY_SUPPORTED_DATATYPE. cV=0lxus86Pkdg8dmq1vXGEGU}
{"logTime": "0324/063152", "correlationVector":"0lxus86Pkdg8dmq1vXGEGU.1","action":"SyncServerConnectionManagerRequest", "result":"SYNC_SERVER_OK", "context":{"environment":"Prod_southeastasia_prod-s01-064-apac-southeastasia", "migrationStage":"NotStarted", "server":"akswtt005000026"}}
{"logTime": "0324/063152", "correlationVector":"0lxus86Pkdg8dmq1vXGEGU.2","action":"ProcessGetUpdates", "result":"Done", "context":{"dataType":"History", "deleted":"0", "process_failed_to_decrypt":"0", "process_pending_decryption":"0", "process_success":"250", "total":"250"}}
{"logTime": "0324/063152", "correlationVector":"0lxus86Pkdg8dmq1vXGEGU.3","action":"GetUpdates Response", "result":"Success", "context":Received 250 update(s). cV=0lxus86Pkdg8dmq1vXGEGU.0;server=akswtt005000026;cloudType=Consumer;environment=Prod_southeastasia_prod-s01-064-apac-southeastasia;migrationStage=NotStarted Some updates remain.}
{"logTime": "0324/063152", "correlationVector":"RZc5FyPQ/KaS9n5ZbNQsOo","action":"Initial GetUpdates", "result":"", "context":Reason: NEWLY_SUPPORTED_DATATYPE. cV=RZc5FyPQ/KaS9n5ZbNQsOo}
{"logTime": "0324/063153", "correlationVector":"RZc5FyPQ/KaS9n5ZbNQsOo.1","action":"SyncServerConnectionManagerRequest", "result":"SYNC_SERVER_OK", "context":{"environment":"Prod_southeastasia_prod-s01-064-apac-southeastasia", "migrationStage":"NotStarted", "server":"akswtt005000050"}}
{"logTime": "0324/063153", "correlationVector":"RZc5FyPQ/KaS9n5ZbNQsOo.2","action":"ProcessGetUpdates", "result":"Done", "context":{"dataType":"History", "deleted":"0", "process_failed_to_decrypt":"0", "process_pending_decryption":"0", "process_success":"250", "total":"250"}}
{"logTime": "0324/063153", "correlationVector":"RZc5FyPQ/KaS9n5ZbNQsOo.3","action":"GetUpdates Response", "result":"Success", "context":Received 250 update(s). cV=RZc5FyPQ/KaS9n5ZbNQsOo.0;server=akswtt005000050;cloudType=Consumer;environment=Prod_southeastasia_prod-s01-064-apac-southeastasia;migrationStage=NotStarted Some updates remain.}
{"logTime": "0324/063153", "correlationVector":"ghGgnzgG8iWVQWW2jGRTZ+","action":"Initial GetUpdates", "result":"", "context":Reason: NEWLY_SUPPORTED_DATATYPE. cV=ghGgnzgG8iWVQWW2jGRTZ+}
{"logTime": "0324/063154", "correlationVector":"ghGgnzgG8iWVQWW2jGRTZ+.1","action":"SyncServerConnectionManagerRequest", "result":"SYNC_SERVER_OK", "context":{"environment":"Prod_southeastasia_prod-s01-064-apac-southeastasia", "migrationStage":"NotStarted", "server":"akswtt00500005j"}}
{"logTime": "0324/063154", "correlationVector":"ghGgnzgG8iWVQWW2jGRTZ+.2","action":"ProcessGetUpdates", "result":"Done", "context":{"dataType":"History", "deleted":"0", "process_failed_to_decrypt":"0", "process_pending_decryption":"0", "process_success":"250", "total":"250"}}
{"logTime": "0324/063154", "correlationVector":"ghGgnzgG8iWVQWW2jGRTZ+.3","action":"GetUpdates Response", "result":"Success", "context":Received 250 update(s). cV=ghGgnzgG8iWVQWW2jGRTZ+.0;server=akswtt00500005j;cloudType=Consumer;environment=Prod_southeastasia_prod-s01-064-apac-southeastasia;migrationStage=NotStarted Some updates remain.}
{"logTime": "0324/063154", "correlationVector":"QEaBuX914LdoLnPhtaR2Uf","action":"Initial GetUpdates", "result":"", "context":Reason: NEWLY_SUPPORTED_DATATYPE. cV=QEaBuX914LdoLnPhtaR2Uf}
{"logTime": "0324/063155", "correlationVector":"QEaBuX914LdoLnPhtaR2Uf.1","action":"SyncServerConnectionManagerRequest", "result":"SYNC_SERVER_OK", "context":{"environment":"Prod_southeastasia_prod-s01-064-apac-southeastasia", "migrationStage":"NotStarted", "server":"akswtt00500001n"}}
{"logTime": "0324/063155", "correlationVector":"QEaBuX914LdoLnPhtaR2Uf.2","action":"ProcessGetUpdates", "result":"Done", "context":{"dataType":"History", "deleted":"0", "process_failed_to_decrypt":"0", "process_pending_decryption":"0", "process_success":"250", "total":"250"}}
{"logTime": "0324/063155", "correlationVector":"QEaBuX914LdoLnPhtaR2Uf.3","action":"GetUpdates Response", "result":"Success", "context":Received 250 update(s). cV=QEaBuX914LdoLnPhtaR2Uf.0;server=akswtt00500001n;cloudType=Consumer;environment=Prod_southeastasia_prod-s01-064-apac-southeastasia;migrationStage=NotStarted Some updates remain.}
{"logTime": "0324/063155", "correlationVector":"J44wuT3ORPocla8aBGbvGF","action":"Initial GetUpdates", "result":"", "context":Reason: NEWLY_SUPPORTED_DATATYPE. cV=J44wuT3ORPocla8aBGbvGF}
{"logTime": "0324/063156", "correlationVector":"J44wuT3ORPocla8aBGbvGF.1","action":"SyncServerConnectionManagerRequest", "result":"SYNC_SERVER_OK", "context":{"environment":"Prod_southeastasia_prod-s01-064-apac-southeastasia", "migrationStage":"NotStarted", "server":"akswtt005000002"}}
{"logTime": "0324/063156", "correlationVector":"J44wuT3ORPocla8aBGbvGF.2","action":"ProcessGetUpdates", "result":"Done", "context":{"dataType":"History", "deleted":"0", "process_failed_to_decrypt":"0", "process_pending_decryption":"0", "process_success":"250", "total":"250"}}
{"logTime": "0324/063156", "correlationVector":"J44wuT3ORPocla8aBGbvGF.3","action":"GetUpdates Response", "result":"Success", "context":Received 250 update(s). cV=J44wuT3ORPocla8aBGbvGF.0;server=akswtt005000002;cloudType=Consumer;environment=Prod_southeastasia_prod-s01-064-apac-southeastasia;migrationStage=NotStarted Some updates remain.}
{"logTime": "0324/063156", "correlationVector":"+qZfTtnWhi/livPXj7tpmn","action":"Initial GetUpdates", "result":"", "context":Reason: NEWLY_SUPPORTED_DATATYPE. cV=+qZfTtnWhi/livPXj7tpmn}
{"logTime": "0324/063157", "correlationVector":"+qZfTtnWhi/livPXj7tpmn.1","action":"SyncServerConnectionManagerRequest", "result":"SYNC_SERVER_OK", "context":{"environment":"Prod_southeastasia_prod-s01-064-apac-southeastasia", "migrationStage":"NotStarted", "server":"akswtt005000001"}}
{"logTime": "0324/063157", "correlationVector":"+qZfTtnWhi/livPXj7tpmn.2","action":"ProcessGetUpdates", "result":"Done", "context":{"dataType":"History", "deleted":"0", "process_failed_to_decrypt":"0", "process_pending_decryption":"0", "process_success":"250", "total":"250"}}
{"logTime": "0324/063157", "correlationVector":"+qZfTtnWhi/livPXj7tpmn.3","action":"GetUpdates Response", "result":"Success", "context":Received 250 update(s). cV=+qZfTtnWhi/livPXj7tpmn.0;server=akswtt005000001;cloudType=Consumer;environment=Prod_southeastasia_prod-s01-064-apac-southeastasia;migrationStage=NotStarted Some updates remain.}
{"logTime": "0324/063157", "correlationVector":"3XRarA4cXO/35s/ahEhnQa","action":"Initial GetUpdates", "result":"", "context":Reason: NEWLY_SUPPORTED_DATATYPE. cV=3XRarA4cXO/35s/ahEhnQa}
{"logTime": "0324/063158", "correlationVector":"3XRarA4cXO/35s/ahEhnQa.1","action":"SyncServerConnectionManagerRequest", "result":"SYNC_SERVER_OK", "context":{"environment":"Prod_southeastasia_prod-s01-064-apac-southeastasia", "migrationStage":"NotStarted", "server":"akswtt00500000f"}}
{"logTime": "0324/063158", "correlationVector":"3XRarA4cXO/35s/ahEhnQa.2","action":"ProcessGetUpdates", "result":"Done", "context":{"dataType":"History", "deleted":"0", "process_failed_to_decrypt":"0", "process_pending_decryption":"0", "process_success":"250", "total":"250"}}
{"logTime": "0324/063158", "correlationVector":"3XRarA4cXO/35s/ahEhnQa.3","action":"GetUpdates Response", "result":"Success", "context":Received 250 update(s). cV=3XRarA4cXO/35s/ahEhnQa.0;server=akswtt00500000f;cloudType=Consumer;environment=Prod_southeastasia_prod-s01-064-apac-southeastasia;migrationStage=NotStarted Some updates remain.}
{"logTime": "0324/063158", "correlationVector":"FnrDMq8Vb/0t/vzKLjvZd4","action":"Initial GetUpdates", "result":"", "context":Reason: NEWLY_SUPPORTED_DATATYPE. cV=FnrDMq8Vb/0t/vzKLjvZd4}
{"logTime": "0324/063200", "correlationVector":"FnrDMq8Vb/0t/vzKLjvZd4.1","action":"SyncServerConnectionManagerRequest", "result":"SYNC_SERVER_OK", "context":{"environment":"Prod_southeastasia_prod-s01-064-apac-southeastasia", "migrationStage":"NotStarted", "server":"akswtt00500000h"}}
{"logTime": "0324/063200", "correlationVector":"FnrDMq8Vb/0t/vzKLjvZd4.2","action":"ProcessGetUpdates", "result":"Done", "context":{"dataType":"History", "deleted":"0", "process_failed_to_decrypt":"0", "process_pending_decryption":"0", "process_success":"250", "total":"250"}}
{"logTime": "0324/063200", "correlationVector":"FnrDMq8Vb/0t/vzKLjvZd4.3","action":"GetUpdates Response", "result":"Success", "context":Received 250 update(s). cV=FnrDMq8Vb/0t/vzKLjvZd4.0;server=akswtt00500000h;cloudType=Consumer;environment=Prod_southeastasia_prod-s01-064-apac-southeastasia;migrationStage=NotStarted Some updates remain.}
{"logTime": "0324/063200", "correlationVector":"/9QAYsf8Uyahu3IPUz4c7F","action":"Initial GetUpdates", "result":"", "context":Reason: NEWLY_SUPPORTED_DATATYPE. cV=/9QAYsf8Uyahu3IPUz4c7F}
{"logTime": "0324/063201", "correlationVector":"/9QAYsf8Uyahu3IPUz4c7F.1","action":"SyncServerConnectionManagerRequest", "result":"SYNC_SERVER_OK", "context":{"environment":"Prod_southeastasia_prod-s01-064-apac-southeastasia", "migrationStage":"NotStarted", "server":"akswtt005000050"}}
{"logTime": "0324/063201", "correlationVector":"/9QAYsf8Uyahu3IPUz4c7F.2","action":"ProcessGetUpdates", "result":"Done", "context":{"dataType":"History", "deleted":"0", "process_failed_to_decrypt":"0", "process_pending_decryption":"0", "process_success":"250", "total":"250"}}
{"logTime": "0324/063201", "correlationVector":"/9QAYsf8Uyahu3IPUz4c7F.3","action":"GetUpdates Response", "result":"Success", "context":Received 250 update(s). cV=/9QAYsf8Uyahu3IPUz4c7F.0;server=akswtt005000050;cloudType=Consumer;environment=Prod_southeastasia_prod-s01-064-apac-southeastasia;migrationStage=NotStarted Some updates remain.}
{"logTime": "0324/063201", "correlationVector":"RuqgVzRX9mYANiKTumLb3W","action":"Initial GetUpdates", "result":"", "context":Reason: NEWLY_SUPPORTED_DATATYPE. cV=RuqgVzRX9mYANiKTumLb3W}
{"logTime": "0324/063202", "correlationVector":"RuqgVzRX9mYANiKTumLb3W.1","action":"SyncServerConnectionManagerRequest", "result":"SYNC_SERVER_OK", "context":{"environment":"Prod_southeastasia_prod-s01-064-apac-southeastasia", "migrationStage":"NotStarted", "server":"akswtt005000056"}}
{"logTime": "0324/063202", "correlationVector":"RuqgVzRX9mYANiKTumLb3W.2","action":"ProcessGetUpdates", "result":"Done", "context":{"dataType":"History", "deleted":"0", "process_failed_to_decrypt":"0", "process_pending_decryption":"0", "process_success":"250", "total":"250"}}
{"logTime": "0324/063202", "correlationVector":"RuqgVzRX9mYANiKTumLb3W.3","action":"GetUpdates Response", "result":"Success", "context":Received 250 update(s). cV=RuqgVzRX9mYANiKTumLb3W.0;server=akswtt005000056;cloudType=Consumer;environment=Prod_southeastasia_prod-s01-064-apac-southeastasia;migrationStage=NotStarted Some updates remain.}
{"logTime": "0324/063202", "correlationVector":"GChEKZOkBlPfzRJtfcwCgf","action":"Initial GetUpdates", "result":"", "context":Reason: NEWLY_SUPPORTED_DATATYPE. cV=GChEKZOkBlPfzRJtfcwCgf}
{"logTime": "0324/063202", "correlationVector":"GChEKZOkBlPfzRJtfcwCgf.1","action":"SyncServerConnectionManagerRequest", "result":"SYNC_SERVER_OK", "context":{"environment":"Prod_southeastasia_prod-s01-064-apac-southeastasia", "migrationStage":"NotStarted", "server":"akswtt005000001"}}
{"logTime": "0324/063202", "correlationVector":"GChEKZOkBlPfzRJtfcwCgf.2","action":"ProcessGetUpdates", "result":"Done", "context":{"dataType":"History", "deleted":"0", "process_failed_to_decrypt":"0", "process_pending_decryption":"0", "process_success":"250", "total":"250"}}
{"logTime": "0324/063202", "correlationVector":"GChEKZOkBlPfzRJtfcwCgf.3","action":"GetUpdates Response", "result":"Success", "context":Received 250 update(s). cV=GChEKZOkBlPfzRJtfcwCgf.0;server=akswtt005000001;cloudType=Consumer;environment=Prod_southeastasia_prod-s01-064-apac-southeastasia;migrationStage=NotStarted Some updates remain.}
{"logTime": "0324/063202", "correlationVector":"kcdPGW6Am95J/tOelx4g1q","action":"Initial GetUpdates", "result":"", "context":Reason: NEWLY_SUPPORTED_DATATYPE. cV=kcdPGW6Am95J/tOelx4g1q}
{"logTime": "0324/063203", "correlationVector":"kcdPGW6Am95J/tOelx4g1q.1","action":"SyncServerConnectionManagerRequest", "result":"SYNC_SERVER_OK", "context":{"environment":"Prod_southeastasia_prod-s01-064-apac-southeastasia", "migrationStage":"NotStarted", "server":"akswtt005000026"}}
{"logTime": "0324/063203", "correlationVector":"kcdPGW6Am95J/tOelx4g1q.2","action":"ProcessGetUpdates", "result":"Done", "context":{"dataType":"History", "deleted":"0", "process_failed_to_decrypt":"0", "process_pending_decryption":"0", "process_success":"250", "total":"250"}}
{"logTime": "0324/063203", "correlationVector":"kcdPGW6Am95J/tOelx4g1q.3","action":"GetUpdates Response", "result":"Success", "context":Received 250 update(s). cV=kcdPGW6Am95J/tOelx4g1q.0;server=akswtt005000026;cloudType=Consumer;environment=Prod_southeastasia_prod-s01-064-apac-southeastasia;migrationStage=NotStarted Some updates remain.}
{"logTime": "0324/063203", "correlationVector":"e1/Cfe8Ci/jgDdPO5l7/hv","action":"Initial GetUpdates", "result":"", "context":Reason: NEWLY_SUPPORTED_DATATYPE. cV=e1/Cfe8Ci/jgDdPO5l7/hv}
{"logTime": "0324/063204", "correlationVector":"e1/Cfe8Ci/jgDdPO5l7/hv.1","action":"SyncServerConnectionManagerRequest", "result":"SYNC_SERVER_OK", "context":{"environment":"Prod_southeastasia_prod-s01-064-apac-southeastasia", "migrationStage":"NotStarted", "server":"akswtt00500003c"}}
{"logTime": "0324/063204", "correlationVector":"e1/Cfe8Ci/jgDdPO5l7/hv.2","action":"ProcessGetUpdates", "result":"Done", "context":{"dataType":"History", "deleted":"0", "process_failed_to_decrypt":"0", "process_pending_decryption":"0", "process_success":"250", "total":"250"}}
{"logTime": "0324/063204", "correlationVector":"e1/Cfe8Ci/jgDdPO5l7/hv.3","action":"GetUpdates Response", "result":"Success", "context":Received 250 update(s). cV=e1/Cfe8Ci/jgDdPO5l7/hv.0;server=akswtt00500003c;cloudType=Consumer;environment=Prod_southeastasia_prod-s01-064-apac-southeastasia;migrationStage=NotStarted Some updates remain.}
{"logTime": "0324/063204", "correlationVector":"4j3+3Xc2uGToBc9zxCnOzi","action":"Initial GetUpdates", "result":"", "context":Reason: NEWLY_SUPPORTED_DATATYPE. cV=4j3+3Xc2uGToBc9zxCnOzi}
{"logTime": "0324/063205", "correlationVector":"4j3+3Xc2uGToBc9zxCnOzi.1","action":"SyncServerConnectionManagerRequest", "result":"SYNC_SERVER_OK", "context":{"environment":"Prod_southeastasia_prod-s01-064-apac-southeastasia", "migrationStage":"NotStarted", "server":"akswtt005000026"}}
{"logTime": "0324/063205", "correlationVector":"4j3+3Xc2uGToBc9zxCnOzi.2","action":"ProcessGetUpdates", "result":"Done", "context":{"dataType":"History", "deleted":"0", "process_failed_to_decrypt":"0", "process_pending_decryption":"0", "process_success":"250", "total":"250"}}
{"logTime": "0324/063205", "correlationVector":"4j3+3Xc2uGToBc9zxCnOzi.3","action":"GetUpdates Response", "result":"Success", "context":Received 250 update(s). cV=4j3+3Xc2uGToBc9zxCnOzi.0;server=akswtt005000026;cloudType=Consumer;environment=Prod_southeastasia_prod-s01-064-apac-southeastasia;migrationStage=NotStarted Some updates remain.}
{"logTime": "0324/063205", "correlationVector":"GikfmGgISnHObE/pwXD42f","action":"Initial GetUpdates", "result":"", "context":Reason: NEWLY_SUPPORTED_DATATYPE. cV=GikfmGgISnHObE/pwXD42f}
{"logTime": "0324/063207", "correlationVector":"GikfmGgISnHObE/pwXD42f.1","action":"SyncServerConnectionManagerRequest", "result":"SYNC_SERVER_OK", "context":{"environment":"Prod_southeastasia_prod-s01-064-apac-southeastasia", "migrationStage":"NotStarted", "server":"akswtt00500003n"}}
{"logTime": "0324/063207", "correlationVector":"GikfmGgISnHObE/pwXD42f.2","action":"ProcessGetUpdates", "result":"Done", "context":{"dataType":"History", "deleted":"0", "process_failed_to_decrypt":"0", "process_pending_decryption":"0", "process_success":"250", "total":"250"}}
{"logTime": "0324/063207", "correlationVector":"GikfmGgISnHObE/pwXD42f.3","action":"GetUpdates Response", "result":"Success", "context":Received 250 update(s). cV=GikfmGgISnHObE/pwXD42f.0;server=akswtt00500003n;cloudType=Consumer;environment=Prod_southeastasia_prod-s01-064-apac-southeastasia;migrationStage=NotStarted Some updates remain.}
{"logTime": "0324/063207", "correlationVector":"2IzZcf52Cm2oP8es3nOLn6","action":"Initial GetUpdates", "result":"", "context":Reason: NEWLY_SUPPORTED_DATATYPE. cV=2IzZcf52Cm2oP8es3nOLn6}
{"logTime": "0324/063207", "correlationVector":"2IzZcf52Cm2oP8es3nOLn6.1","action":"SyncServerConnectionManagerRequest", "result":"SYNC_SERVER_OK", "context":{"environment":"Prod_southeastasia_prod-s01-064-apac-southeastasia", "migrationStage":"NotStarted", "server":"akswtt005000001"}}
{"logTime": "0324/063207", "correlationVector":"2IzZcf52Cm2oP8es3nOLn6.2","action":"ProcessGetUpdates", "result":"Done", "context":{"dataType":"History", "deleted":"0", "process_failed_to_decrypt":"0", "process_pending_decryption":"0", "process_success":"166", "total":"166"}}
{"logTime": "0324/063207", "correlationVector":"2IzZcf52Cm2oP8es3nOLn6.3","action":"GetUpdates Response", "result":"Success", "context":Received 166 update(s). cV=2IzZcf52Cm2oP8es3nOLn6.0;server=akswtt005000001;cloudType=Consumer;environment=Prod_southeastasia_prod-s01-064-apac-southeastasia;migrationStage=NotStarted}
{"logTime": "0324/063207", "correlationVector":"czDWMcfmEld/sFfRt5RhH6","action":"Normal GetUpdate request", "result":"", "context":cV=czDWMcfmEld/sFfRt5RhH6
Nudged types: Preferences, Sessions, Device Info, User Consents, Collection
Refresh requested types: Bookmarks, Preferences, Passwords, Autofill Profiles, Autofill, Extensions, Sessions, Extension settings, History Delete Directives, Device Info, User Consents, Send Tab To Self, Web Apps, History, Collection, Edge E Drop, Edge Hub App Usage, Edge Tab Group, Edge Wallet, Encryption Keys}
{"logTime": "0324/063207", "correlationVector":"czDWMcfmEld/sFfRt5RhH6.1","action":"SyncServerConnectionManagerRequest", "result":"SYNC_SERVER_OK", "context":{"environment":"Prod_southeastasia_prod-s01-064-apac-southeastasia", "migrationStage":"NotStarted", "server":"akswtt005000050"}}
{"logTime": "0324/063207", "correlationVector":"czDWMcfmEld/sFfRt5RhH6.2","action":"ProcessGetUpdates", "result":"Done", "context":{"dataType":"Preferences", "deleted":"0", "process_failed_to_decrypt":"0", "process_pending_decryption":"0", "process_success":"1", "total":"1"}}
{"logTime": "0324/063207", "correlationVector":"czDWMcfmEld/sFfRt5RhH6.3","action":"ProcessGetUpdates", "result":"Done", "context":{"dataType":"Sessions", "deleted":"1", "process_failed_to_decrypt":"0", "process_pending_decryption":"0", "process_success":"3", "total":"3"}}
{"logTime": "0324/063207", "correlationVector":"czDWMcfmEld/sFfRt5RhH6.4","action":"ProcessGetUpdates", "result":"Done", "context":{"dataType":"Device Info", "deleted":"0", "process_failed_to_decrypt":"0", "process_pending_decryption":"0", "process_success":"1", "total":"1"}}
{"logTime": "0324/063207", "correlationVector":"czDWMcfmEld/sFfRt5RhH6.5","action":"GetUpdates Response", "result":"Success", "context":Received 5 update(s). cV=czDWMcfmEld/sFfRt5RhH6.0;server=akswtt005000050;cloudType=Consumer;environment=Prod_southeastasia_prod-s01-064-apac-southeastasia;migrationStage=NotStarted}
{"logTime": "0324/063207", "correlationVector":"kK/O4mitH2GMKj06WL31kc","action":"Commit Request", "result":"", "context":Item count: 14
Contributing types: Preferences, Sessions, Device Info, User Consents, Collection}
{"logTime": "0324/063209", "correlationVector":"kK/O4mitH2GMKj06WL31kc.1","action":"SyncServerConnectionManagerRequest", "result":"SYNC_SERVER_OK", "context":{"environment":"Prod_southeastasia_prod-s01-064-apac-southeastasia", "migrationStage":"NotStarted", "server":"akswtt00500005j"}}
{"logTime": "0324/063209", "correlationVector":"kK/O4mitH2GMKj06WL31kc.2","action":"Commit Response", "result":"Success", "context":Result: Success. cV=kK/O4mitH2GMKj06WL31kc.0;server=akswtt00500005j;cloudType=Consumer;environment=Prod_southeastasia_prod-s01-064-apac-southeastasia;migrationStage=NotStarted}
{"logTime": "0324/063356", "correlationVector":"c1qtgi8p4NQjbgb2lrTnt8","action":"Normal GetUpdate request", "result":"", "context":cV=c1qtgi8p4NQjbgb2lrTnt8
Notified types: Preferences, History}
{"logTime": "0324/063359", "correlationVector":"c1qtgi8p4NQjbgb2lrTnt8.1","action":"SyncServerConnectionManagerRequest", "result":"SYNC_SERVER_OK", "context":{"environment":"Prod_southeastasia_prod-s01-064-apac-southeastasia", "migrationStage":"NotStarted", "server":"akswtt00500005l"}}
{"logTime": "0324/063359", "correlationVector":"c1qtgi8p4NQjbgb2lrTnt8.2","action":"ProcessGetUpdates", "result":"Done", "context":{"dataType":"Preferences", "deleted":"0", "process_failed_to_decrypt":"0", "process_pending_decryption":"0", "process_success":"2", "total":"2"}}
{"logTime": "0324/063359", "correlationVector":"c1qtgi8p4NQjbgb2lrTnt8.3","action":"ProcessGetUpdates", "result":"Done", "context":{"dataType":"Sessions", "deleted":"0", "process_failed_to_decrypt":"0", "process_pending_decryption":"0", "process_success":"6", "total":"6"}}
{"logTime": "0324/063359", "correlationVector":"c1qtgi8p4NQjbgb2lrTnt8.4","action":"ProcessGetUpdates", "result":"Done", "context":{"dataType":"Device Info", "deleted":"0", "process_failed_to_decrypt":"0", "process_pending_decryption":"0", "process_success":"2", "total":"2"}}
{"logTime": "0324/063359", "correlationVector":"c1qtgi8p4NQjbgb2lrTnt8.5","action":"ProcessGetUpdates", "result":"Done", "context":{"dataType":"History", "deleted":"0", "process_failed_to_decrypt":"0", "process_pending_decryption":"0", "process_success":"1", "total":"1"}}
{"logTime": "0324/063359", "correlationVector":"c1qtgi8p4NQjbgb2lrTnt8.6","action":"ProcessGetUpdates", "result":"Done", "context":{"dataType":"Collection", "deleted":"0", "process_failed_to_decrypt":"0", "process_pending_decryption":"0", "process_success":"8", "total":"8"}}
{"logTime": "0324/063359", "correlationVector":"c1qtgi8p4NQjbgb2lrTnt8.7","action":"GetUpdates Response", "result":"Success", "context":Received 19 update(s). cV=c1qtgi8p4NQjbgb2lrTnt8.0;server=akswtt00500005l;cloudType=Consumer;environment=Prod_southeastasia_prod-s01-064-apac-southeastasia;migrationStage=NotStarted}
{"logTime": "0324/063359", "correlationVector":"pcvXXk3Tw7ouYgTe5yTuhw","action":"DoCompareDataConsistency requsted types: ", "result":"Bookmarks, Preferences, Passwords, Extensions, Extension settings, History Delete Directives, Send Tab To Self, Web Apps, History, Collection, Edge E Drop, Edge Tab Group, Edge Wallet, Encryption Keys"}
{"logTime": "0324/063359", "correlationVector":"pcvXXk3Tw7ouYgTe5yTuhw.0","action":"CompareDataConsistency result: ", "result":"Compare result: Encryption Keys is consistent. local entities count is: 1 local entities hash is: dm1eDFolKBATDx22go7jPHnAKqo="}
{"logTime": "0324/063359", "correlationVector":"pcvXXk3Tw7ouYgTe5yTuhw.1","action":"CompareDataConsistency result: ", "result":"Compare result: Bookmarks is consistent. local entities count is: 71 local entities hash is: U6nvYEyH4bLLq4WmZ2Ries7wS8I="}
{"logTime": "0324/063359", "correlationVector":"pcvXXk3Tw7ouYgTe5yTuhw.2","action":"CompareDataConsistency result: ", "result":"Compare result: Preferences is consistent. local entities count is: 119 local entities hash is: miiiNHTv5sE7ja88pEXy2cje4Zk="}
{"logTime": "0324/063359", "correlationVector":"pcvXXk3Tw7ouYgTe5yTuhw.3","action":"CompareDataConsistency result: ", "result":"Compare result: Extensions is consistent. local entities count is: 7 local entities hash is: EEHksFzcATxvNNY2cN5K+PwZivM="}
{"logTime": "0324/063359", "correlationVector":"pcvXXk3Tw7ouYgTe5yTuhw.4","action":"CompareDataConsistency result: ", "result":"Compare result: Extension settings is consistent. local entities count is: 2 local entities hash is: OkwV2inFcX0sgFcdmuO5uLbr0p8="}
{"logTime": "0324/063359", "correlationVector":"pcvXXk3Tw7ouYgTe5yTuhw.5","action":"CompareDataConsistency result: ", "result":"Compare result: History Delete Directives is consistent. local entities count is: 0 local entities hash is: "}
{"logTime": "0324/063359", "correlationVector":"pcvXXk3Tw7ouYgTe5yTuhw.6","action":"CompareDataConsistency result: ", "result":"Server did not send this Send Tab To Self local entities count is: 0 local entities hash is: "}
{"logTime": "0324/063359", "correlationVector":"pcvXXk3Tw7ouYgTe5yTuhw.7","action":"CompareDataConsistency result: ", "result":"Compare result: Web Apps is consistent. local entities count is: 0 local entities hash is: "}
{"logTime": "0324/063359", "correlationVector":"pcvXXk3Tw7ouYgTe5yTuhw.8","action":"CompareDataConsistency result: ", "result":"Server did not send this History local entities count is: 0 local entities hash is: "}
{"logTime": "0324/063359", "correlationVector":"pcvXXk3Tw7ouYgTe5yTuhw.9","action":"CompareDataConsistency result: ", "result":"Compare result: Collection is consistent. local entities count is: 199 local entities hash is: /mtNJ2Y4IIRRSIbbRquh65O2edo="}
{"logTime": "0324/063359", "correlationVector":"pcvXXk3Tw7ouYgTe5yTuhw.10","action":"CompareDataConsistency result: ", "result":"Compare result: Edge E Drop is consistent. local entities count is: 0 local entities hash is: "}
{"logTime": "0324/063359", "correlationVector":"pcvXXk3Tw7ouYgTe5yTuhw.11","action":"CompareDataConsistency result: ", "result":"Compare result: Edge Tab Group is consistent. local entities count is: 2 local entities hash is: PdbmYdnFsG+QqExA8tv4nnesR6I="}
{"logTime": "0324/063359", "correlationVector":"pcvXXk3Tw7ouYgTe5yTuhw.12","action":"CompareDataConsistency result: ", "result":"Compare result: Edge Wallet is consistent. local entities count is: 0 local entities hash is: "}
{"logTime": "0324/063359", "correlationVector":"pcvXXk3Tw7ouYgTe5yTuhw.13","action":"CompareDataConsistency result: ", "result":"Compare result: Passwords is consistent. local entities count is: 192 local entities hash is: GEjUOEs/4/o5SXqXHjuc7S6pdfk="}
{"logTime": "0324/063359", "correlationVector":"","action":"DIAGNOSTIC_REQUEST|v1/diagnosticData/Diagnostic.SendCheckResult()|SUCCESS", "result":""}
{"logTime": "0324/063415", "correlationVector":"KC+QSemfgEpyHltmdG8aIA","action":"Normal GetUpdate request", "result":"", "context":cV=KC+QSemfgEpyHltmdG8aIA
Notified types: Device Info, History}
{"logTime": "0324/063415", "correlationVector":"KC+QSemfgEpyHltmdG8aIA.1","action":"SyncServerConnectionManagerRequest", "result":"SYNC_SERVER_OK", "context":{"environment":"Prod_southeastasia_prod-s01-065-apac-southeastasia", "migrationStage":"NotStarted", "server":"akswtt00500004v"}}
{"logTime": "0324/063415", "correlationVector":"KC+QSemfgEpyHltmdG8aIA.2","action":"ProcessGetUpdates", "result":"Done", "context":{"dataType":"Sessions", "deleted":"0", "process_failed_to_decrypt":"0", "process_pending_decryption":"0", "process_success":"1", "total":"1"}}
{"logTime": "0324/063415", "correlationVector":"KC+QSemfgEpyHltmdG8aIA.3","action":"ProcessGetUpdates", "result":"Done", "context":{"dataType":"Device Info", "deleted":"0", "process_failed_to_decrypt":"0", "process_pending_decryption":"0", "process_success":"1", "total":"1"}}
{"logTime": "0324/063415", "correlationVector":"KC+QSemfgEpyHltmdG8aIA.4","action":"ProcessGetUpdates", "result":"Done", "context":{"dataType":"History", "deleted":"0", "process_failed_to_decrypt":"0", "process_pending_decryption":"0", "process_success":"3", "total":"3"}}
{"logTime": "0324/063415", "correlationVector":"KC+QSemfgEpyHltmdG8aIA.5","action":"GetUpdates Response", "result":"Success", "context":Received 5 update(s). cV=KC+QSemfgEpyHltmdG8aIA.0;server=akswtt00500004v;cloudType=Consumer;environment=Prod_southeastasia_prod-s01-065-apac-southeastasia;migrationStage=NotStarted}
{"logTime": "0324/063417", "correlationVector":"3jgocv55wkH65J0qFMzfTj","action":"Normal GetUpdate request", "result":"", "context":cV=3jgocv55wkH65J0qFMzfTj
Notified types: Preferences}
{"logTime": "0324/063418", "correlationVector":"3jgocv55wkH65J0qFMzfTj.1","action":"SyncServerConnectionManagerRequest", "result":"SYNC_SERVER_OK", "context":{"environment":"Prod_southeastasia_prod-s01-065-apac-southeastasia", "migrationStage":"NotStarted", "server":"akswtt00500004v"}}
{"logTime": "0324/063418", "correlationVector":"3jgocv55wkH65J0qFMzfTj.2","action":"ProcessGetUpdates", "result":"Done", "context":{"dataType":"Preferences", "deleted":"0", "process_failed_to_decrypt":"0", "process_pending_decryption":"0", "process_success":"1", "total":"1"}}
{"logTime": "0324/063418", "correlationVector":"3jgocv55wkH65J0qFMzfTj.3","action":"GetUpdates Response", "result":"Success", "context":Received 1 update(s). cV=3jgocv55wkH65J0qFMzfTj.0;server=akswtt00500004v;cloudType=Consumer;environment=Prod_southeastasia_prod-s01-065-apac-southeastasia;migrationStage=NotStarted}
{"logTime": "0324/063521", "correlationVector":"tb6kiBP3BPDcrm6FUBdssX","action":"Normal GetUpdate request", "result":"", "context":cV=tb6kiBP3BPDcrm6FUBdssX
Notified types: History}
{"logTime": "0324/063521", "correlationVector":"tb6kiBP3BPDcrm6FUBdssX.1","action":"SyncServerConnectionManagerRequest", "result":"SYNC_SERVER_OK", "context":{"environment":"Prod_southeastasia_prod-s01-065-apac-southeastasia", "migrationStage":"NotStarted", "server":"akswtt00500000q"}}
{"logTime": "0324/063521", "correlationVector":"tb6kiBP3BPDcrm6FUBdssX.2","action":"ProcessGetUpdates", "result":"Done", "context":{"dataType":"Sessions", "deleted":"1", "process_failed_to_decrypt":"0", "process_pending_decryption":"0", "process_success":"4", "total":"4"}}
{"logTime": "0324/063521", "correlationVector":"tb6kiBP3BPDcrm6FUBdssX.3","action":"ProcessGetUpdates", "result":"Done", "context":{"dataType":"History", "deleted":"0", "process_failed_to_decrypt":"0", "process_pending_decryption":"0", "process_success":"1", "total":"1"}}
{"logTime": "0324/063521", "correlationVector":"tb6kiBP3BPDcrm6FUBdssX.4","action":"GetUpdates Response", "result":"Success", "context":Received 5 update(s). cV=tb6kiBP3BPDcrm6FUBdssX.0;server=akswtt00500000q;cloudType=Consumer;environment=Prod_southeastasia_prod-s01-065-apac-southeastasia;migrationStage=NotStarted}
{"logTime": "0324/064215", "correlationVector":"mG96ejDdAYWrFTfenvQGim","action":"Normal GetUpdate request", "result":"", "context":cV=mG96ejDdAYWrFTfenvQGim
Notified types: Preferences, Device Info}
{"logTime": "0324/064216", "correlationVector":"mG96ejDdAYWrFTfenvQGim.1","action":"SyncServerConnectionManagerRequest", "result":"SYNC_SERVER_OK", "context":{"environment":"Prod_southeastasia_prod-s01-064-apac-southeastasia", "migrationStage":"NotStarted", "server":"akswtt00500004r"}}
{"logTime": "0324/064216", "correlationVector":"mG96ejDdAYWrFTfenvQGim.2","action":"ProcessGetUpdates", "result":"Done", "context":{"dataType":"Preferences", "deleted":"0", "process_failed_to_decrypt":"0", "process_pending_decryption":"0", "process_success":"1", "total":"1"}}
{"logTime": "0324/064216", "correlationVector":"mG96ejDdAYWrFTfenvQGim.3","action":"ProcessGetUpdates", "result":"Done", "context":{"dataType":"Sessions", "deleted":"0", "process_failed_to_decrypt":"0", "process_pending_decryption":"0", "process_success":"1", "total":"1"}}
{"logTime": "0324/064216", "correlationVector":"mG96ejDdAYWrFTfenvQGim.4","action":"ProcessGetUpdates", "result":"Done", "context":{"dataType":"Device Info", "deleted":"0", "process_failed_to_decrypt":"0", "process_pending_decryption":"0", "process_success":"1", "total":"1"}}
{"logTime": "0324/064216", "correlationVector":"mG96ejDdAYWrFTfenvQGim.5","action":"GetUpdates Response", "result":"Success", "context":Received 3 update(s). cV=mG96ejDdAYWrFTfenvQGim.0;server=akswtt00500004r;cloudType=Consumer;environment=Prod_southeastasia_prod-s01-064-apac-southeastasia;migrationStage=NotStarted}
{"logTime": "0324/064224", "correlationVector":"Gi9NJdOwHrbqM5z0gTPgls","action":"Normal GetUpdate request", "result":"", "context":cV=Gi9NJdOwHrbqM5z0gTPgls
Notified types: Device Info, History}
{"logTime": "0324/064225", "correlationVector":"Gi9NJdOwHrbqM5z0gTPgls.1","action":"SyncServerConnectionManagerRequest", "result":"SYNC_SERVER_OK", "context":{"environment":"Prod_southeastasia_prod-s01-064-apac-southeastasia", "migrationStage":"NotStarted", "server":"akswtt00500002w"}}
{"logTime": "0324/064225", "correlationVector":"Gi9NJdOwHrbqM5z0gTPgls.2","action":"ProcessGetUpdates", "result":"Done", "context":{"dataType":"Sessions", "deleted":"0", "process_failed_to_decrypt":"0", "process_pending_decryption":"0", "process_success":"3", "total":"3"}}
{"logTime": "0324/064225", "correlationVector":"Gi9NJdOwHrbqM5z0gTPgls.3","action":"ProcessGetUpdates", "result":"Done", "context":{"dataType":"Device Info", "deleted":"0", "process_failed_to_decrypt":"0", "process_pending_decryption":"0", "process_success":"1", "total":"1"}}
{"logTime": "0324/064225", "correlationVector":"Gi9NJdOwHrbqM5z0gTPgls.4","action":"ProcessGetUpdates", "result":"Done", "context":{"dataType":"History", "deleted":"0", "process_failed_to_decrypt":"0", "process_pending_decryption":"0", "process_success":"3", "total":"3"}}
{"logTime": "0324/064225", "correlationVector":"Gi9NJdOwHrbqM5z0gTPgls.5","action":"GetUpdates Response", "result":"Success", "context":Received 7 update(s). cV=Gi9NJdOwHrbqM5z0gTPgls.0;server=akswtt00500002w;cloudType=Consumer;environment=Prod_southeastasia_prod-s01-064-apac-southeastasia;migrationStage=NotStarted}
{"logTime": "0324/064227", "correlationVector":"RugV60NAYCaGDjmkVYkh/f","action":"Normal GetUpdate request", "result":"", "context":cV=RugV60NAYCaGDjmkVYkh/f
Notified types: Preferences, History}
{"logTime": "0324/064227", "correlationVector":"RugV60NAYCaGDjmkVYkh/f.1","action":"SyncServerConnectionManagerRequest", "result":"SYNC_SERVER_OK", "context":{"environment":"Prod_southeastasia_prod-s01-064-apac-southeastasia", "migrationStage":"NotStarted", "server":"akswtt00500002w"}}
{"logTime": "0324/064227", "correlationVector":"RugV60NAYCaGDjmkVYkh/f.2","action":"ProcessGetUpdates", "result":"Done", "context":{"dataType":"Preferences", "deleted":"0", "process_failed_to_decrypt":"0", "process_pending_decryption":"0", "process_success":"2", "total":"2"}}
{"logTime": "0324/064227", "correlationVector":"RugV60NAYCaGDjmkVYkh/f.3","action":"ProcessGetUpdates", "result":"Done", "context":{"dataType":"Sessions", "deleted":"0", "process_failed_to_decrypt":"0", "process_pending_decryption":"0", "process_success":"2", "total":"2"}}
{"logTime": "0324/064227", "correlationVector":"RugV60NAYCaGDjmkVYkh/f.4","action":"ProcessGetUpdates", "result":"Done", "context":{"dataType":"History", "deleted":"0", "process_failed_to_decrypt":"0", "process_pending_decryption":"0", "process_success":"1", "total":"1"}}
{"logTime": "0324/064227", "correlationVector":"RugV60NAYCaGDjmkVYkh/f.5","action":"GetUpdates Response", "result":"Success", "context":Received 5 update(s). cV=RugV60NAYCaGDjmkVYkh/f.0;server=akswtt00500002w;cloudType=Consumer;environment=Prod_southeastasia_prod-s01-064-apac-southeastasia;migrationStage=NotStarted}
{"logTime": "0324/064322", "correlationVector":"03r55zBQ1W+V0IbL+HRLK+","action":"Normal GetUpdate request", "result":"", "context":cV=03r55zBQ1W+V0IbL+HRLK+
Notified types: Preferences, Device Info, History}
{"logTime": "0324/064322", "correlationVector":"03r55zBQ1W+V0IbL+HRLK+.1","action":"SyncServerConnectionManagerRequest", "result":"SYNC_SERVER_OK", "context":{"environment":"Prod_southeastasia_prod-s01-064-apac-southeastasia", "migrationStage":"NotStarted", "server":"akswtt005000002"}}
{"logTime": "0324/064322", "correlationVector":"03r55zBQ1W+V0IbL+HRLK+.2","action":"ProcessGetUpdates", "result":"Done", "context":{"dataType":"Preferences", "deleted":"0", "process_failed_to_decrypt":"0", "process_pending_decryption":"0", "process_success":"1", "total":"1"}}
{"logTime": "0324/064322", "correlationVector":"03r55zBQ1W+V0IbL+HRLK+.3","action":"ProcessGetUpdates", "result":"Done", "context":{"dataType":"Sessions", "deleted":"0", "process_failed_to_decrypt":"0", "process_pending_decryption":"0", "process_success":"1", "total":"1"}}
{"logTime": "0324/064322", "correlationVector":"03r55zBQ1W+V0IbL+HRLK+.4","action":"ProcessGetUpdates", "result":"Done", "context":{"dataType":"Device Info", "deleted":"0", "process_failed_to_decrypt":"0", "process_pending_decryption":"0", "process_success":"1", "total":"1"}}
{"logTime": "0324/064322", "correlationVector":"03r55zBQ1W+V0IbL+HRLK+.5","action":"ProcessGetUpdates", "result":"Done", "context":{"dataType":"History", "deleted":"0", "process_failed_to_decrypt":"0", "process_pending_decryption":"0", "process_success":"3", "total":"3"}}
{"logTime": "0324/064322", "correlationVector":"03r55zBQ1W+V0IbL+HRLK+.6","action":"GetUpdates Response", "result":"Success", "context":Received 6 update(s). cV=03r55zBQ1W+V0IbL+HRLK+.0;server=akswtt005000002;cloudType=Consumer;environment=Prod_southeastasia_prod-s01-064-apac-southeastasia;migrationStage=NotStarted}
{"logTime": "0324/064738", "correlationVector":"RRt6Iyb5jgwjEa1GWNNMk5","action":"Commit Request", "result":"", "context":Item count: 1
Contributing types: Sessions}
{"logTime": "0324/064738", "correlationVector":"RRt6Iyb5jgwjEa1GWNNMk5.1","action":"SyncServerConnectionManagerRequest", "result":"SYNC_SERVER_OK", "context":{"environment":"Prod_southeastasia_prod-s01-064-apac-southeastasia", "migrationStage":"NotStarted", "server":"akswtt00500002n"}}
{"logTime": "0324/064738", "correlationVector":"RRt6Iyb5jgwjEa1GWNNMk5.2","action":"Commit Response", "result":"Success", "context":Result: Success. cV=RRt6Iyb5jgwjEa1GWNNMk5.0;server=akswtt00500002n;cloudType=Consumer;environment=Prod_southeastasia_prod-s01-064-apac-southeastasia;migrationStage=NotStarted}
{"logTime": "0324/064859", "correlationVector":"ReicG4pgOHGKrlP76hvYl/","action":"Commit Request", "result":"", "context":Item count: 1
Contributing types: Sessions}
{"logTime": "0324/064859", "correlationVector":"ReicG4pgOHGKrlP76hvYl/.1","action":"SyncServerConnectionManagerRequest", "result":"SYNC_SERVER_OK", "context":{"environment":"Prod_southeastasia_prod-s01-065-apac-southeastasia", "migrationStage":"NotStarted", "server":"akswtt00500002d"}}
{"logTime": "0324/064859", "correlationVector":"ReicG4pgOHGKrlP76hvYl/.2","action":"Commit Response", "result":"Success", "context":Result: Success. cV=ReicG4pgOHGKrlP76hvYl/.0;server=akswtt00500002d;cloudType=Consumer;environment=Prod_southeastasia_prod-s01-065-apac-southeastasia;migrationStage=NotStarted}
