 * Serving Flask app 'app'
 * Debug mode: off
Connected successfully
Detected change in /ClientControl, publishing to MQTT...
Published to MQTT successfully
Received payload: {
  "CLIENT_404ccafffe44": {
    "SERVER_f0f5bdfffe66": {
      "macAddress": "0xf0f5bdfffe66",
      "meshAddress": "0x0047",
      "rssi": -71,
      "humidity": 45.5,
      "temperature": 33.9000015258789,
      "smoke": 79.7095184326172,
      "isFlame": false,
      "feedback": "No Fire"
    },
    "SERVER_f0f5bdfffe0c": {
      "macAddress": "0xf0f5bdfffe0c",
      "meshAddress": "0x0048",
      "rssi": -85,
      "humidity": 42.29999923706055,
      "temperature": 35.70000076293945,
      "smoke": 251.57797241210938,
      "isFlame": false,
      "feedback": "No Fire"
    }
  }
}

Starting new batch #1
Added message to batch #1. Batch size: 1
Processing earliest message from batch #1
Processing data for Firebase: {'SERVER_f0f5bdfffe66': {'macAddress': '0xf0f5bdfffe66', 'meshAddress': '0x0047', 'rssi': -71, 'humidity': 45.5, 'temperature': 33.9000015258789, 'smoke': 79.7095184326172, 'isFlame': False, 'feedback': 'No Fire'}, 'SERVER_f0f5bdfffe0c': {'macAddress': '0xf0f5bdfffe0c', 'meshAddress': '0x0048', 'rssi': -85, 'humidity': 42.29999923706055, 'temperature': 35.70000076293945, 'smoke': 251.57797241210938, 'isFlame': False, 'feedback': 'No Fire'}}
Updated Now for SERVER_f0f5bdfffe66
Pushed to Monitor for SERVER_f0f5bdfffe66
Updated Now for SERVER_f0f5bdfffe0c
Pushed to Monitor for SERVER_f0f5bdfffe0c
Updated LatestList: {'0': 'SERVER_f0f5bdfffe66', '1': 'SERVER_f0f5bdfffe0c'}
Received payload: {
  "CLIENT_404ccafffe44": {
    "SERVER_f0f5bdfffe66": {
      "macAddress": "0xf0f5bdfffe66",
      "meshAddress": "0x0047",
      "rssi": -75,
      "humidity": 45.70000076293945,
      "temperature": 33.70000076293945,
      "smoke": 80.6551513671875,
      "isFlame": false,
      "feedback": "No Fire"
    },
    "SERVER_f0f5bdfffe0c": {
      "macAddress": "0xf0f5bdfffe0c",
      "meshAddress": "0x0048",
      "rssi": -82,
      "humidity": 42.29999923706055,
      "temperature": 35.70000076293945,
      "smoke": 250.1157684326172,
      "isFlame": false,
      "feedback": "No Fire"
    }
  }
}

Starting new batch #2
Added message to batch #2. Batch size: 1
Processing earliest message from batch #2
Processing data for Firebase: {'SERVER_f0f5bdfffe66': {'macAddress': '0xf0f5bdfffe66', 'meshAddress': '0x0047', 'rssi': -75, 'humidity': 45.70000076293945, 'temperature': 33.70000076293945, 'smoke': 80.6551513671875, 'isFlame': False, 'feedback': 'No Fire'}, 'SERVER_f0f5bdfffe0c': {'macAddress': '0xf0f5bdfffe0c', 'meshAddress': '0x0048', 'rssi': -82, 'humidity': 42.29999923706055, 'temperature': 35.70000076293945, 'smoke': 250.1157684326172, 'isFlame': False, 'feedback': 'No Fire'}}
Updated Now for SERVER_f0f5bdfffe66
Pushed to Monitor for SERVER_f0f5bdfffe66
Updated Now for SERVER_f0f5bdfffe0c
Pushed to Monitor for SERVER_f0f5bdfffe0c
Updated LatestList: {'0': 'SERVER_f0f5bdfffe66', '1': 'SERVER_f0f5bdfffe0c'}
Received payload: {
  "CLIENT_404ccafffe44": {
    "SERVER_f0f5bdfffe66": {
      "macAddress": "0xf0f5bdfffe66",
      "meshAddress": "0x0047",
      "rssi": -71,
      "humidity": 45.70000076293945,
      "temperature": 33.5999984741211,
      "smoke": 77.8394012451172,
      "isFlame": false,
      "feedback": "No Fire"
    },
    "SERVER_f0f5bdfffe0c": {
      "macAddress": "0xf0f5bdfffe0c",
      "meshAddress": "0x0048",
      "rssi": -69,
      "humidity": 42.5,
      "temperature": 35.5,
      "smoke": 241.4646759033203,
      "isFlame": false,
      "feedback": "No Fire"
    }
  }
}

Starting new batch #3
Added message to batch #3. Batch size: 1
Processing earliest message from batch #3
Processing data for Firebase: {'SERVER_f0f5bdfffe66': {'macAddress': '0xf0f5bdfffe66', 'meshAddress': '0x0047', 'rssi': -71, 'humidity': 45.70000076293945, 'temperature': 33.5999984741211, 'smoke': 77.8394012451172, 'isFlame': False, 'feedback': 'No Fire'}, 'SERVER_f0f5bdfffe0c': {'macAddress': '0xf0f5bdfffe0c', 'meshAddress': '0x0048', 'rssi': -69, 'humidity': 42.5, 'temperature': 35.5, 'smoke': 241.4646759033203, 'isFlame': False, 'feedback': 'No Fire'}}
Updated Now for SERVER_f0f5bdfffe66
Pushed to Monitor for SERVER_f0f5bdfffe66
Updated Now for SERVER_f0f5bdfffe0c
Pushed to Monitor for SERVER_f0f5bdfffe0c
Updated LatestList: {'0': 'SERVER_f0f5bdfffe66', '1': 'SERVER_f0f5bdfffe0c'}
Received payload: {
  "CLIENT_404ccafffe44": {
    "SERVER_f0f5bdfffe66": {
      "macAddress": "0xf0f5bdfffe66",
      "meshAddress": "0x0047",
      "rssi": -79,
      "humidity": 45.5999984741211,
      "temperature": 33.70000076293945,
      "smoke": 77.8394012451172,
      "isFlame": false,
      "feedback": "No Fire"
    },
    "SERVER_f0f5bdfffe0c": {
      "macAddress": "0xf0f5bdfffe0c",
      "meshAddress": "0x0048",
      "rssi": -58,
      "humidity": 42.20000076293945,
      "temperature": 35.5999984741211,
      "smoke": 245.76409912109375,
      "isFlame": false,
      "feedback": "No Fire"
    }
  }
}

Starting new batch #4
Added message to batch #4. Batch size: 1
Processing earliest message from batch #4
Processing data for Firebase: {'SERVER_f0f5bdfffe66': {'macAddress': '0xf0f5bdfffe66', 'meshAddress': '0x0047', 'rssi': -79, 'humidity': 45.5999984741211, 'temperature': 33.70000076293945, 'smoke': 77.8394012451172, 'isFlame': False, 'feedback': 'No Fire'}, 'SERVER_f0f5bdfffe0c': {'macAddress': '0xf0f5bdfffe0c', 'meshAddress': '0x0048', 'rssi': -58, 'humidity': 42.20000076293945, 'temperature': 35.5999984741211, 'smoke': 245.76409912109375, 'isFlame': False, 'feedback': 'No Fire'}}
Updated Now for SERVER_f0f5bdfffe66
Pushed to Monitor for SERVER_f0f5bdfffe66
Updated Now for SERVER_f0f5bdfffe0c
Pushed to Monitor for SERVER_f0f5bdfffe0c
Updated LatestList: {'0': 'SERVER_f0f5bdfffe66', '1': 'SERVER_f0f5bdfffe0c'}
Received payload: {
  "CLIENT_404ccafffe44": {
    "SERVER_f0f5bdfffe66": {
      "macAddress": "0xf0f5bdfffe66",
      "meshAddress": "0x0047",
      "rssi": -72,
      "humidity": 47.0999984741211,
      "temperature": 33.5999984741211,
      "smoke": 80.6551513671875,
      "isFlame": false,
      "feedback": "No Fire"
    },
    "SERVER_f0f5bdfffe0c": {
      "macAddress": "0xf0f5bdfffe0c",
      "meshAddress": "0x0048",
      "rssi": -60,
      "humidity": 42.20000076293945,
      "temperature": 35.5999984741211,
      "smoke": 242.8920135498047,
      "isFlame": false,
      "feedback": "No Fire"
    }
  }
}

Starting new batch #5
Added message to batch #5. Batch size: 1
Processing earliest message from batch #5
Processing data for Firebase: {'SERVER_f0f5bdfffe66': {'macAddress': '0xf0f5bdfffe66', 'meshAddress': '0x0047', 'rssi': -72, 'humidity': 47.0999984741211, 'temperature': 33.5999984741211, 'smoke': 80.6551513671875, 'isFlame': False, 'feedback': 'No Fire'}, 'SERVER_f0f5bdfffe0c': {'macAddress': '0xf0f5bdfffe0c', 'meshAddress': '0x0048', 'rssi': -60, 'humidity': 42.20000076293945, 'temperature': 35.5999984741211, 'smoke': 242.8920135498047, 'isFlame': False, 'feedback': 'No Fire'}}
Updated Now for SERVER_f0f5bdfffe66
Pushed to Monitor for SERVER_f0f5bdfffe66
Updated Now for SERVER_f0f5bdfffe0c
Pushed to Monitor for SERVER_f0f5bdfffe0c
Updated LatestList: {'0': 'SERVER_f0f5bdfffe66', '1': 'SERVER_f0f5bdfffe0c'}
Received payload: {
  "CLIENT_404ccafffe44": {
    "SERVER_f0f5bdfffe66": {
      "macAddress": "0xf0f5bdfffe66",
      "meshAddress": "0x0047",
      "rssi": -79,
      "humidity": 47.29999923706055,
      "temperature": 33.5,
      "smoke": 85.4903564453125,
      "isFlame": false,
      "feedback": "No Fire"
    },
    "SERVER_f0f5bdfffe0c": {
      "macAddress": "0xf0f5bdfffe0c",
      "meshAddress": "0x0048",
      "rssi": -73,
      "humidity": 42.20000076293945,
      "temperature": 35.5999984741211,
      "smoke": 245.76409912109375,
      "isFlame": false,
      "feedback": "No Fire"
    }
  }
}

Starting new batch #6
Added message to batch #6. Batch size: 1
Processing earliest message from batch #6
 * Serving Flask app 'app'
 * Debug mode: off
Connected successfully
Detected change in /ClientControl, publishing to MQTT...
Published to MQTT successfully
Received payload: {
  "CLIENT_404ccafffe44": {
    "SERVER_f0f5bdfffe0c": {
      "macAddress": "0xf0f5bdfffe0c",
      "meshAddress": "0x0048",
      "rssi": -74,
      "humidity": 42.0999984741211,
      "temperature": 35.5999984741211,
      "smoke": 260.47491455078125,
      "isFlame": false,
      "feedback": "No Fire"
    },
    "SERVER_f0f5bdfffe66": {
      "macAddress": "0xf0f5bdfffe66",
      "meshAddress": "0x0047",
      "rssi": -83,
      "humidity": 46.9000015258789,
      "temperature": 33.70000076293945,
      "smoke": 85.4903564453125,
      "isFlame": false,
      "feedback": "No Fire"
    }
  }
}

Starting new batch #1
Added message to batch #1. Batch size: 1
Processing earliest message from batch #1
Processing data for Firebase: {'SERVER_f0f5bdfffe0c': {'macAddress': '0xf0f5bdfffe0c', 'meshAddress': '0x0048', 'rssi': -74, 'humidity': 42.0999984741211, 'temperature': 35.5999984741211, 'smoke': 260.47491455078125, 'isFlame': False, 'feedback': 'No Fire'}, 'SERVER_f0f5bdfffe66': {'macAddress': '0xf0f5bdfffe66', 'meshAddress': '0x0047', 'rssi': -83, 'humidity': 46.9000015258789, 'temperature': 33.70000076293945, 'smoke': 85.4903564453125, 'isFlame': False, 'feedback': 'No Fire'}}
Updated Now for SERVER_f0f5bdfffe0c
Pushed to Monitor for SERVER_f0f5bdfffe0c
Updated Now for SERVER_f0f5bdfffe66
Pushed to Monitor for SERVER_f0f5bdfffe66
Updated LatestList: {'0': 'SERVER_f0f5bdfffe0c', '1': 'SERVER_f0f5bdfffe66'}
Received payload: {
  "CLIENT_404ccafffe44": {
    "SERVER_f0f5bdfffe0c": {
      "macAddress": "0xf0f5bdfffe0c",
      "meshAddress": "0x0048",
      "rssi": -77,
      "humidity": 41.9000015258789,
      "temperature": 35.79999923706055,
      "smoke": 269.5860290527344,
      "isFlame": false,
      "feedback": "No Fire"
    },
    "SERVER_f0f5bdfffe66": {
      "macAddress": "0xf0f5bdfffe66",
      "meshAddress": "0x0047",
      "rssi": -81,
      "humidity": 45.79999923706055,
      "temperature": 33.9000015258789,
      "smoke": 85.4903564453125,
      "isFlame": false,
      "feedback": "No Fire"
    }
  }
}

Starting new batch #2
Added message to batch #2. Batch size: 1
Processing earliest message from batch #2
Processing data for Firebase: {'SERVER_f0f5bdfffe0c': {'macAddress': '0xf0f5bdfffe0c', 'meshAddress': '0x0048', 'rssi': -77, 'humidity': 41.9000015258789, 'temperature': 35.79999923706055, 'smoke': 269.5860290527344, 'isFlame': False, 'feedback': 'No Fire'}, 'SERVER_f0f5bdfffe66': {'macAddress': '0xf0f5bdfffe66', 'meshAddress': '0x0047', 'rssi': -81, 'humidity': 45.79999923706055, 'temperature': 33.9000015258789, 'smoke': 85.4903564453125, 'isFlame': False, 'feedback': 'No Fire'}}
Updated Now for SERVER_f0f5bdfffe0c
Pushed to Monitor for SERVER_f0f5bdfffe0c
Updated Now for SERVER_f0f5bdfffe66
Pushed to Monitor for SERVER_f0f5bdfffe66
Updated LatestList: {'0': 'SERVER_f0f5bdfffe0c', '1': 'SERVER_f0f5bdfffe66'}
Received payload: {
  "CLIENT_404ccafffe44": {
    "SERVER_f0f5bdfffe0c": {
      "macAddress": "0xf0f5bdfffe0c",
      "meshAddress": "0x0048",
      "rssi": -76,
      "humidity": 41.70000076293945,
      "temperature": 35.79999923706055,
      "smoke": 205.0563507080078,
      "isFlame": false,
      "feedback": "No Fire"
    },
    "SERVER_f0f5bdfffe66": {
      "macAddress": "0xf0f5bdfffe66",
      "meshAddress": "0x0047",
      "rssi": -87,
      "humidity": 46.29999923706055,
      "temperature": 33.70000076293945,
      "smoke": 3656.13427734375,
      "isFlame": false,
      "feedback": "Potential Fire"
    }
  }
}

Starting new batch #3
Added message to batch #3. Batch size: 1
Processing earliest message from batch #3
Processing data for Firebase: {'SERVER_f0f5bdfffe0c': {'macAddress': '0xf0f5bdfffe0c', 'meshAddress': '0x0048', 'rssi': -76, 'humidity': 41.70000076293945, 'temperature': 35.79999923706055, 'smoke': 205.0563507080078, 'isFlame': False, 'feedback': 'No Fire'}, 'SERVER_f0f5bdfffe66': {'macAddress': '0xf0f5bdfffe66', 'meshAddress': '0x0047', 'rssi': -87, 'humidity': 46.29999923706055, 'temperature': 33.70000076293945, 'smoke': 3656.13427734375, 'isFlame': False, 'feedback': 'Potential Fire'}}
Updated Now for SERVER_f0f5bdfffe0c
Pushed to Monitor for SERVER_f0f5bdfffe0c
Updated Now for SERVER_f0f5bdfffe66
Pushed to Monitor for SERVER_f0f5bdfffe66
Updated LatestList: {'0': 'SERVER_f0f5bdfffe0c', '1': 'SERVER_f0f5bdfffe66'}
Received payload: {
  "CLIENT_404ccafffe44": {
    "SERVER_f0f5bdfffe66": {
      "macAddress": "0xf0f5bdfffe66",
      "meshAddress": "0x0047",
      "rssi": -86,
      "humidity": 46.5999984741211,
      "temperature": 32.9000015258789,
      "smoke": 2648.645751953125,
      "isFlame": false,
      "feedback": "Potential Fire"
    },
    "SERVER_f0f5bdfffe0c": {
      "macAddress": "0xf0f5bdfffe0c",
      "meshAddress": "0x0048",
      "rssi": -63,
      "humidity": 41.70000076293945,
      "temperature": 35.79999923706055,
      "smoke": 274.22271728515625,
      "isFlame": false,
      "feedback": "No Fire"
    }
  }
}

Starting new batch #4
Added message to batch #4. Batch size: 1
Processing earliest message from batch #4
Processing data for Firebase: {'SERVER_f0f5bdfffe66': {'macAddress': '0xf0f5bdfffe66', 'meshAddress': '0x0047', 'rssi': -86, 'humidity': 46.5999984741211, 'temperature': 32.9000015258789, 'smoke': 2648.645751953125, 'isFlame': False, 'feedback': 'Potential Fire'}, 'SERVER_f0f5bdfffe0c': {'macAddress': '0xf0f5bdfffe0c', 'meshAddress': '0x0048', 'rssi': -63, 'humidity': 41.70000076293945, 'temperature': 35.79999923706055, 'smoke': 274.22271728515625, 'isFlame': False, 'feedback': 'No Fire'}}
Updated Now for SERVER_f0f5bdfffe66
Pushed to Monitor for SERVER_f0f5bdfffe66
Updated Now for SERVER_f0f5bdfffe0c
Pushed to Monitor for SERVER_f0f5bdfffe0c
Updated LatestList: {'0': 'SERVER_f0f5bdfffe66', '1': 'SERVER_f0f5bdfffe0c'}
Received payload: {
  "CLIENT_404ccafffe44": {
    "SERVER_f0f5bdfffe0c": {
      "macAddress": "0xf0f5bdfffe0c",
      "meshAddress": "0x0048",
      "rssi": -60,
      "humidity": 41.9000015258789,
      "temperature": 35.70000076293945,
      "smoke": 250.1157684326172,
      "isFlame": false,
      "feedback": "No Fire"
    }
  }
}

Starting new batch #5
Added message to batch #5. Batch size: 1
Processing earliest message from batch #5
Processing data for Firebase: {'SERVER_f0f5bdfffe0c': {'macAddress': '0xf0f5bdfffe0c', 'meshAddress': '0x0048', 'rssi': -60, 'humidity': 41.9000015258789, 'temperature': 35.70000076293945, 'smoke': 250.1157684326172, 'isFlame': False, 'feedback': 'No Fire'}}
Updated Now for SERVER_f0f5bdfffe0c
Pushed to Monitor for SERVER_f0f5bdfffe0c
Updated LatestList: {'0': 'SERVER_f0f5bdfffe0c'}
Received payload: {
  "CLIENT_404ccafffe44": {
    "SERVER_f0f5bdfffe0c": {
      "macAddress": "0xf0f5bdfffe0c",
      "meshAddress": "0x0048",
      "rssi": -60,
      "humidity": 41.70000076293945,
      "temperature": 35.70000076293945,
      "smoke": 255.99989318847656,
      "isFlame": false,
      "feedback": "No Fire"
    }
  }
}

Starting new batch #6
Added message to batch #6. Batch size: 1
Processing earliest message from batch #6
Processing data for Firebase: {'SERVER_f0f5bdfffe0c': {'macAddress': '0xf0f5bdfffe0c', 'meshAddress': '0x0048', 'rssi': -60, 'humidity': 41.70000076293945, 'temperature': 35.70000076293945, 'smoke': 255.99989318847656, 'isFlame': False, 'feedback': 'No Fire'}}
Updated Now for SERVER_f0f5bdfffe0c
Pushed to Monitor for SERVER_f0f5bdfffe0c
Updated LatestList: {'0': 'SERVER_f0f5bdfffe0c'}
Received payload: {
  "CLIENT_404ccafffe44": {
    "SERVER_f0f5bdfffe0c": {
      "macAddress": "0xf0f5bdfffe0c",
      "meshAddress": "0x0048",
      "rssi": -63,
      "humidity": 42,
      "temperature": 35.5,
      "smoke": 248.6593780517578,
      "isFlame": false,
      "feedback": "No Fire"
    }
  }
}

Starting new batch #7
Added message to batch #7. Batch size: 1
Processing earliest message from batch #7
Processing data for Firebase: {'SERVER_f0f5bdfffe0c': {'macAddress': '0xf0f5bdfffe0c', 'meshAddress': '0x0048', 'rssi': -63, 'humidity': 42, 'temperature': 35.5, 'smoke': 248.6593780517578, 'isFlame': False, 'feedback': 'No Fire'}}
Updated Now for SERVER_f0f5bdfffe0c
Pushed to Monitor for SERVER_f0f5bdfffe0c
Updated LatestList: {'0': 'SERVER_f0f5bdfffe0c'}
Received payload: {
  "CLIENT_404ccafffe44": {
    "SERVER_f0f5bdfffe0c": {
      "macAddress": "0xf0f5bdfffe0c",
      "meshAddress": "0x0048",
      "rssi": -63,
      "humidity": 42,
      "temperature": 35.5,
      "smoke": 248.6593780517578,
      "isFlame": false,
      "feedback": "No Fire"
    }
  }
}

Starting new batch #8
Added message to batch #8. Batch size: 1
Processing earliest message from batch #8
Processing data for Firebase: {'SERVER_f0f5bdfffe0c': {'macAddress': '0xf0f5bdfffe0c', 'meshAddress': '0x0048', 'rssi': -63, 'humidity': 42, 'temperature': 35.5, 'smoke': 248.6593780517578, 'isFlame': False, 'feedback': 'No Fire'}}
Updated Now for SERVER_f0f5bdfffe0c
Pushed to Monitor for SERVER_f0f5bdfffe0c
Updated LatestList: {'0': 'SERVER_f0f5bdfffe0c'}
Received payload: {
  "CLIENT_404ccafffe44": {
    "SERVER_f0f5bdfffe0c": {
      "macAddress": "0xf0f5bdfffe0c",
      "meshAddress": "0x0048",
      "rssi": -63,
      "humidity": 41.9000015258789,
      "temperature": 35.5999984741211,
      "smoke": 250.1157684326172,
      "isFlame": false,
      "feedback": "No Fire"
    }
  }
}

Starting new batch #9
Added message to batch #9. Batch size: 1
Processing earliest message from batch #9
Processing data for Firebase: {'SERVER_f0f5bdfffe0c': {'macAddress': '0xf0f5bdfffe0c', 'meshAddress': '0x0048', 'rssi': -63, 'humidity': 41.9000015258789, 'temperature': 35.5999984741211, 'smoke': 250.1157684326172, 'isFlame': False, 'feedback': 'No Fire'}}
Updated Now for SERVER_f0f5bdfffe0c
Pushed to Monitor for SERVER_f0f5bdfffe0c
Updated LatestList: {'0': 'SERVER_f0f5bdfffe0c'}
Received payload: {
  "CLIENT_404ccafffe44": {
    "SERVER_f0f5bdfffe0c": {
      "macAddress": "0xf0f5bdfffe0c",
      "meshAddress": "0x0048",
      "rssi": -64,
      "humidity": 41.70000076293945,
      "temperature": 35.5999984741211,
      "smoke": 250.1157684326172,
      "isFlame": false,
      "feedback": "No Fire"
    }
  }
}

Starting new batch #10
Added message to batch #10. Batch size: 1
Processing earliest message from batch #10
Processing data for Firebase: {'SERVER_f0f5bdfffe0c': {'macAddress': '0xf0f5bdfffe0c', 'meshAddress': '0x0048', 'rssi': -64, 'humidity': 41.70000076293945, 'temperature': 35.5999984741211, 'smoke': 250.1157684326172, 'isFlame': False, 'feedback': 'No Fire'}}
Updated Now for SERVER_f0f5bdfffe0c
Pushed to Monitor for SERVER_f0f5bdfffe0c
Updated LatestList: {'0': 'SERVER_f0f5bdfffe0c'}
Received payload: {
  "CLIENT_404ccafffe44": {
    "SERVER_f0f5bdfffe0c": {
      "macAddress": "0xf0f5bdfffe0c",
      "meshAddress": "0x0048",
      "rssi": -64,
      "humidity": 41.79999923706055,
      "temperature": 35.5999984741211,
      "smoke": 254.52012634277344,
      "isFlame": false,
      "feedback": "No Fire"
    }
  }
}

Starting new batch #11
Added message to batch #11. Batch size: 1
Processing earliest message from batch #11
Processing data for Firebase: {'SERVER_f0f5bdfffe0c': {'macAddress': '0xf0f5bdfffe0c', 'meshAddress': '0x0048', 'rssi': -64, 'humidity': 41.79999923706055, 'temperature': 35.5999984741211, 'smoke': 254.52012634277344, 'isFlame': False, 'feedback': 'No Fire'}}
Updated Now for SERVER_f0f5bdfffe0c
Pushed to Monitor for SERVER_f0f5bdfffe0c
Updated LatestList: {'0': 'SERVER_f0f5bdfffe0c'}
Received payload: {
  "CLIENT_404ccafffe44": {
    "SERVER_f0f5bdfffe0c": {
      "macAddress": "0xf0f5bdfffe0c",
      "meshAddress": "0x0048",
      "rssi": -63,
      "humidity": 41.9000015258789,
      "temperature": 35.4000015258789,
      "smoke": 248.6593780517578,
      "isFlame": false,
      "feedback": "No Fire"
    }
  }
}

Starting new batch #12
Added message to batch #12. Batch size: 1
Processing earliest message from batch #12
Processing data for Firebase: {'SERVER_f0f5bdfffe0c': {'macAddress': '0xf0f5bdfffe0c', 'meshAddress': '0x0048', 'rssi': -63, 'humidity': 41.9000015258789, 'temperature': 35.4000015258789, 'smoke': 248.6593780517578, 'isFlame': False, 'feedback': 'No Fire'}}
Updated Now for SERVER_f0f5bdfffe0c
Pushed to Monitor for SERVER_f0f5bdfffe0c
Updated LatestList: {'0': 'SERVER_f0f5bdfffe0c'}
Received payload: {
  "CLIENT_404ccafffe44": {
    "SERVER_f0f5bdfffe0c": {
      "macAddress": "0xf0f5bdfffe0c",
      "meshAddress": "0x0048",
      "rssi": -62,
      "humidity": 42.0999984741211,
      "temperature": 35.4000015258789,
      "smoke": 294.9527282714844,
      "isFlame": false,
      "feedback": "No Fire"
    },
    "SERVER_f0f5bdfffe66": {
      "macAddress": "0xf0f5bdfffe66",
      "meshAddress": "0x0047",
      "rssi": -70,
      "humidity": 62.70000076293945,
      "temperature": 28.100000381469727,
      "smoke": 6249.6328125,
      "isFlame": false,
      "feedback": "Potential Fire"
    }
  }
}

Starting new batch #13
Added message to batch #13. Batch size: 1
Processing earliest message from batch #13
Processing data for Firebase: {'SERVER_f0f5bdfffe0c': {'macAddress': '0xf0f5bdfffe0c', 'meshAddress': '0x0048', 'rssi': -62, 'humidity': 42.0999984741211, 'temperature': 35.4000015258789, 'smoke': 294.9527282714844, 'isFlame': False, 'feedback': 'No Fire'}, 'SERVER_f0f5bdfffe66': {'macAddress': '0xf0f5bdfffe66', 'meshAddress': '0x0047', 'rssi': -70, 'humidity': 62.70000076293945, 'temperature': 28.100000381469727, 'smoke': 6249.6328125, 'isFlame': False, 'feedback': 'Potential Fire'}}
Updated Now for SERVER_f0f5bdfffe0c
Pushed to Monitor for SERVER_f0f5bdfffe0c
Updated Now for SERVER_f0f5bdfffe66
Pushed to Monitor for SERVER_f0f5bdfffe66
Updated LatestList: {'0': 'SERVER_f0f5bdfffe0c', '1': 'SERVER_f0f5bdfffe66'}
Received payload: {
  "CLIENT_404ccafffe44": {
    "SERVER_f0f5bdfffe0c": {
      "macAddress": "0xf0f5bdfffe0c",
      "meshAddress": "0x0048",
      "rssi": -63,
      "humidity": 42.4000015258789,
      "temperature": 35.4000015258789,
      "smoke": 285.25537109375,
      "isFlame": false,
      "feedback": "No Fire"
    },
    "SERVER_f0f5bdfffe66": {
      "macAddress": "0xf0f5bdfffe66",
      "meshAddress": "0x0047",
      "rssi": -65,
      "humidity": 57.5,
      "temperature": 28.600000381469727,
      "smoke": 3595.706787109375,
      "isFlame": false,
      "feedback": "Potential Fire"
    }
  }
}

Starting new batch #14
Added message to batch #14. Batch size: 1
Processing earliest message from batch #14
Processing data for Firebase: {'SERVER_f0f5bdfffe0c': {'macAddress': '0xf0f5bdfffe0c', 'meshAddress': '0x0048', 'rssi': -63, 'humidity': 42.4000015258789, 'temperature': 35.4000015258789, 'smoke': 285.25537109375, 'isFlame': False, 'feedback': 'No Fire'}, 'SERVER_f0f5bdfffe66': {'macAddress': '0xf0f5bdfffe66', 'meshAddress': '0x0047', 'rssi': -65, 'humidity': 57.5, 'temperature': 28.600000381469727, 'smoke': 3595.706787109375, 'isFlame': False, 'feedback': 'Potential Fire'}}
Updated Now for SERVER_f0f5bdfffe0c
Pushed to Monitor for SERVER_f0f5bdfffe0c
Updated Now for SERVER_f0f5bdfffe66
Pushed to Monitor for SERVER_f0f5bdfffe66
Updated LatestList: {'0': 'SERVER_f0f5bdfffe0c', '1': 'SERVER_f0f5bdfffe66'}
Received payload: {
  "CLIENT_404ccafffe44": {
    "SERVER_f0f5bdfffe0c": {
      "macAddress": "0xf0f5bdfffe0c",
      "meshAddress": "0x0048",
      "rssi": -69,
      "humidity": 42.29999923706055,
      "temperature": 35.4000015258789,
      "smoke": 268.05242919921875,
      "isFlame": false,
      "feedback": "No Fire"
    },
    "SERVER_f0f5bdfffe66": {
      "macAddress": "0xf0f5bdfffe66",
      "meshAddress": "0x0047",
      "rssi": -71,
      "humidity": 56,
      "temperature": 29.299999237060547,
      "smoke": 136.879150390625,
      "isFlame": false,
      "feedback": "No Fire"
    }
  }
}

Starting new batch #15
Added message to batch #15. Batch size: 1
Processing earliest message from batch #15
